<?xml version="1.0" encoding="utf-8"?><testsuites name="pytest tests"><testsuite name="pytest" errors="0" failures="0" skipped="0" tests="154" time="53.371" timestamp="2026-08-17T12:47:56.748465+08:00" hostname="CXG-PC"><testcase classname="tests.test_story_39_2_commands" name="test_unknown_command_is_not_registered" time="0.002" /><testcase classname="tests.test_story_39_2_commands" name="test_registered_command_rejects_invalid_parameters" time="0.001" /><testcase classname="tests.test_story_39_2_commands" name="test_registry_authorization_contains_policy_metadata" time="0.001" /><testcase classname="tests.test_story_39_2_commands" name="test_every_registered_command_has_a_test_and_entrypoint" time="0.001" /><testcase classname="tests.test_story_39_2_commands" name="test_device_control_callers_are_explicitly_inventoried" time="1.049" /><testcase classname="tests.test_story_39_2_commands" name="test_unknown_command_risk_lookup_fails_closed" time="0.713" /><testcase classname="tests.test_story_39_2_commands" name="test_risk_config_cannot_lower_minimum_risk" time="0.704" /><testcase classname="tests.test_story_39_2_commands" name="test_risk_config_description_round_trips" time="0.917" /><testcase classname="tests.test_story_39_2_commands" name="test_device_control_rejects_missing_registry_authorization" time="0.728" /><testcase classname="tests.test_story_39_2_commands" name="test_device_control_rejects_mismatched_registry_authorization" time="0.711" /><testcase classname="tests.test_story_39_2_commands" name="test_execution_service_validates_parameters_before_state_change" time="0.007" /><testcase classname="tests.test_story_39_2_commands" name="test_batch_control_validates_entire_batch_before_execution" time="0.004" /><testcase classname="tests.test_command" name="test_submit_normal_command" time="1.303" /><testcase classname="tests.test_command" name="test_submit_uses_server_side_device_name_in_audit" time="0.025" /><testcase classname="tests.test_command" name="test_submit_critical_command" time="0.025" /><testcase classname="tests.test_command" name="test_list_approvals" time="0.056" /><testcase classname="tests.test_command" name="test_list_approvals_filter_status" time="0.037" /><testcase classname="tests.test_command" name="test_get_approval_detail" time="0.032" /><testcase classname="tests.test_command" name="test_get_approval_not_found" time="0.018" /><testcase classname="tests.test_command" name="test_approve_command" time="0.040" /><testcase classname="tests.test_command" name="test_self_approval_is_rejected_and_audited" time="0.041" /><testcase classname="tests.test_command" name="test_approve_nonexistent" time="0.020" /><testcase classname="tests.test_command" name="test_approve_already_approved" time="0.045" /><testcase classname="tests.test_command" name="test_approval_audit_is_append_only" time="0.040" /><testcase classname="tests.test_command" name="test_concurrent_approval_has_exactly_one_success" time="2.693" /><testcase classname="tests.test_command" name="test_reject_command" time="0.040" /><testcase classname="tests.test_command" name="test_reject_already_approved" time="0.046" /><testcase classname="tests.test_command" name="test_approval_timeout" time="0.041" /><testcase classname="tests.test_command" name="test_reject_expired_approval_records_timeout" time="0.044" /><testcase classname="tests.test_command" name="test_list_audit_logs" time="0.044" /><testcase classname="tests.test_command" name="test_get_risk_configs" time="0.023" /><testcase classname="tests.test_command" name="test_get_risk_configs_ignores_unknown_invalid_and_downgraded_legacy_rows" time="0.026" /><testcase classname="tests.test_command" name="test_update_risk_configs" time="0.034" /><testcase classname="tests.test_command" name="test_update_risk_configs_rejects_critical_downgrade" time="0.019" /><testcase classname="tests.test_command" name="test_update_invalid_risk_level" time="0.023" /><testcase classname="tests.services.test_device_control.TestControlEnums" name="test_control_result_values" time="0.002" /><testcase classname="tests.services.test_device_control.TestControlEnums" name="test_control_interface_values" time="0.001" /><testcase classname="tests.services.test_device_control.TestValidateControlPermission" name="test_no_config_found" time="0.771" /><testcase classname="tests.services.test_device_control.TestValidateControlPermission" name="test_config_disabled" time="0.681" /><testcase classname="tests.services.test_device_control.TestValidateControlPermission" name="test_value_out_of_range" time="0.731" /><testcase classname="tests.services.test_device_control.TestValidateControlPermission" name="test_valid_control" time="0.712" /><testcase classname="tests.services.test_device_control.TestValidateControlPermission" name="test_force_cannot_bypass_range" time="0.684" /><testcase classname="tests.services.test_device_control.TestGetControlStatus" name="test_device_not_found" time="0.746" /><testcase classname="tests.services.test_device_control.TestGetControlStatus" name="test_device_with_regulations" time="0.750" /><testcase classname="tests.services.test_device_control.TestControlDeviceRegulation" name="test_device_not_found" time="0.755" /><testcase classname="tests.services.test_device_control.TestControlDeviceRegulation" name="test_simulated_control" time="0.854" /><testcase classname="tests.services.test_device_control.TestExecuteScheduledControl" name="test_not_implemented" time="0.793" /><testcase classname="tests.services.test_execution_service.TestGenerateConclusion" name="test_excellent" time="0.001" /><testcase classname="tests.services.test_execution_service.TestGenerateConclusion" name="test_good" time="0.001" /><testcase classname="tests.services.test_execution_service.TestGenerateConclusion" name="test_average" time="0.001" /><testcase classname="tests.services.test_execution_service.TestGenerateConclusion" name="test_poor" time="0.001" /><testcase classname="tests.services.test_execution_service.TestGenerateConclusion" name="test_no_data" time="0.001" /><testcase classname="tests.services.test_execution_service.TestGetRegulationType" name="test_temp_adjust" time="0.001" /><testcase classname="tests.services.test_execution_service.TestGetRegulationType" name="test_brightness_adjust" time="0.001" /><testcase classname="tests.services.test_execution_service.TestGetRegulationType" name="test_load_adjust" time="0.001" /><testcase classname="tests.services.test_execution_service.TestGetRegulationType" name="test_unknown_task_type_is_rejected" time="0.001" /><testcase classname="tests.services.test_execution_service.TestGetStatusText" name="test_known_statuses" time="0.001" /><testcase classname="tests.services.test_execution_service.TestGetStatusText" name="test_unknown_status" time="0.001" /><testcase classname="tests.services.test_execution_service.TestGetPlanWithTasks" name="test_plan_not_found" time="0.706" /><testcase classname="tests.services.test_execution_service.TestGetPlanWithTasks" name="test_plan_with_tasks" time="0.774" /><testcase classname="tests.services.test_execution_service.TestCompleteManualTask" name="test_task_not_found" time="0.721" /><testcase classname="tests.services.test_execution_service.TestCompleteManualTask" name="test_complete_manual_task" time="1.022" /><testcase classname="tests.services.test_execution_service.TestCompleteManualTask" name="test_already_completed_task" time="0.753" /><testcase classname="tests.services.test_execution_service.TestUpdatePlanStatus" name="test_plan_not_found" time="0.791" /><testcase classname="tests.services.test_execution_service.TestUpdatePlanStatus" name="test_all_tasks_completed" time="0.667" /><testcase classname="tests.services.test_execution_service.TestGetAveragePrice" name="test_default_price" time="0.648" /><testcase classname="tests.test_gateway_registration.TestStatusReporter" name="test_production_rejects_missing_gateway_secret" time="0.001" /><testcase classname="tests.test_gateway_registration.TestStatusReporter" name="test_production_rejects_placeholder_gateway_secret" time="0.001" /><testcase classname="tests.test_gateway_registration.TestStatusReporter" name="test_production_rejects_weak_gateway_secret[x]" time="0.001" /><testcase classname="tests.test_gateway_registration.TestStatusReporter" name="test_production_rejects_weak_gateway_secret[&lt;required-gateway-secret&gt;]" time="0.001" /><testcase classname="tests.test_gateway_registration.TestStatusReporter" name="test_production_rejects_weak_gateway_secret[change_me_in_production]" time="0.001" /><testcase classname="tests.test_gateway_registration.TestStatusReporter" name="test_collect_metrics_with_psutil" time="0.002" /><testcase classname="tests.test_gateway_registration.TestStatusReporter" name="test_collect_metrics_without_psutil" time="0.001" /><testcase classname="tests.test_gateway_registration.TestStatusReporter" name="test_build_status_message" time="0.001" /><testcase classname="tests.test_gateway_registration.TestStatusReporter" name="test_status_reporter_stop_without_start" time="0.003" /><testcase classname="tests.test_gateway_registration.TestGatewayRegistration" name="test_handle_gateway_status_new_gateway" time="0.949" /><testcase classname="tests.test_gateway_registration.TestGatewayRegistration" name="test_handle_gateway_status_existing_gateway" time="0.889" /><testcase classname="tests.test_gateway_registration.TestGatewayRegistration" name="test_handle_gateway_status_invalid_payload" time="0.939" /><testcase classname="tests.test_gateway_registration.TestGatewayRegistration" name="test_handle_gateway_status_capabilities_list" time="1.032" /><testcase classname="tests.test_gateway_registration.TestGatewayRegistration" name="test_check_heartbeats_stale_gateway" time="0.932" /><testcase classname="tests.test_gateway_registration.TestGatewayRegistration" name="test_check_heartbeats_fresh_gateway" time="0.878" /><testcase classname="tests.test_gateway_registration.TestGatewayRegistration" name="test_check_heartbeats_null_last_heartbeat" time="0.925" /><testcase classname="tests.test_gateway_registration.TestMqttService" name="test_parse_topic_valid" time="0.001" /><testcase classname="tests.test_gateway_registration.TestMqttService" name="test_parse_topic_invalid" time="0.001" /><testcase classname="tests.test_gateway_registration.TestMqttSettings" name="test_mqtt_settings_defaults" time="0.010" /><testcase classname="tests.test_story_39_2_production_config" name="test_safe_production_configuration_passes" time="0.002" /><testcase classname="tests.test_story_39_2_production_config" name="test_unsafe_production_configuration_is_rejected[override0-DEBUG]" time="0.002" /><testcase classname="tests.test_story_39_2_production_config" name="test_unsafe_production_configuration_is_rejected[override1-DATABASE_URL]" time="0.002" /><testcase classname="tests.test_story_39_2_production_config" name="test_unsafe_production_configuration_is_rejected[override2-DATABASE_URL]" time="0.002" /><testcase classname="tests.test_story_39_2_production_config" name="test_unsafe_production_configuration_is_rejected[override3-DATABASE_URL]" time="0.002" /><testcase classname="tests.test_story_39_2_production_config" name="test_unsafe_production_configuration_is_rejected[override4-DATABASE_URL]" time="0.002" /><testcase classname="tests.test_story_39_2_production_config" name="test_unsafe_production_configuration_is_rejected[override5-SECRET_KEY]" time="0.002" /><testcase classname="tests.test_story_39_2_production_config" name="test_unsafe_production_configuration_is_rejected[override6-SECRET_KEY]" time="0.002" /><testcase classname="tests.test_story_39_2_production_config" name="test_unsafe_production_configuration_is_rejected[override7-CORS_ORIGINS]" time="0.002" /><testcase classname="tests.test_story_39_2_production_config" name="test_unsafe_production_configuration_is_rejected[override8-CORS_ORIGINS]" time="0.002" /><testcase classname="tests.test_story_39_2_production_config" name="test_unsafe_production_configuration_is_rejected[override9-CORS_ORIGINS]" time="0.002" /><testcase classname="tests.test_story_39_2_production_config" name="test_unsafe_production_configuration_is_rejected[override10-CORS_ORIGINS]" time="0.002" /><testcase classname="tests.test_story_39_2_production_config" name="test_unsafe_production_configuration_is_rejected[override11-CORS_ORIGINS]" time="0.002" /><testcase classname="tests.test_story_39_2_production_config" name="test_unsafe_production_configuration_is_rejected[override12-DEFAULT_ADMIN_PASSWORD]" time="0.002" /><testcase classname="tests.test_story_39_2_production_config" name="test_unsafe_production_configuration_is_rejected[override13-DEMO_ENABLED]" time="0.002" /><testcase classname="tests.test_story_39_2_production_config" name="test_unsafe_production_configuration_is_rejected[override14-SIMULATION_ENABLED]" time="0.002" /><testcase classname="tests.test_story_39_2_production_config" name="test_unsafe_production_configuration_is_rejected[override15-VPP_API_KEY]" time="0.002" /><testcase classname="tests.test_story_39_2_production_config" name="test_unsafe_production_configuration_is_rejected[override16-LICENSE_KEY]" time="0.002" /><testcase classname="tests.test_story_39_2_production_config" name="test_unsafe_production_configuration_is_rejected[override17-FAULT_TREE_HMAC_KEY]" time="0.002" /><testcase classname="tests.test_story_39_2_production_config" name="test_unsafe_production_configuration_is_rejected[override18-REDIS_URL]" time="0.002" /><testcase classname="tests.test_story_39_2_production_config" name="test_unsafe_production_configuration_is_rejected[override19-REDIS_URL]" time="0.002" /><testcase classname="tests.test_story_39_2_production_config" name="test_unsafe_production_configuration_is_rejected[override20-REDIS_URL]" time="0.002" /><testcase classname="tests.test_story_39_2_production_config" name="test_unsafe_production_configuration_is_rejected[override21-GATEWAY_SECRET_KEY]" time="0.002" /><testcase classname="tests.test_story_39_2_production_config" name="test_unsafe_production_configuration_is_rejected[override22-MQTT_USERNAME]" time="0.002" /><testcase classname="tests.test_story_39_2_production_config" name="test_unsafe_production_configuration_is_rejected[override23-MQTT_USERNAME]" time="0.002" /><testcase classname="tests.test_story_39_2_production_config" name="test_unsafe_production_configuration_is_rejected[override24-MQTT_PASSWORD]" time="0.002" /><testcase classname="tests.test_story_39_2_production_config" name="test_unsafe_production_configuration_is_rejected[override25-MQTT_PASSWORD]" time="0.002" /><testcase classname="tests.test_story_39_2_production_config" name="test_temporary_default_factory_secret_is_rejected" time="0.002" /><testcase classname="tests.test_story_39_2_production_config" name="test_development_configuration_remains_supported" time="0.001" /><testcase classname="tests.test_story_39_2_production_config" name="test_seed_runner_rejects_direct_call_when_disabled" time="0.004" /><testcase classname="tests.test_story_39_2_production_config" name="test_production_validation_precedes_database_and_background_side_effects" time="0.001" /><testcase classname="tests.test_story_39_2_production_config" name="test_production_compose_requires_secrets_and_disables_seed_modes" time="0.001" /><testcase classname="tests.test_story_39_2_production_config" name="test_unsafe_production_uvicorn_exits_before_listening_without_secret_leak" time="12.458" /><testcase classname="tests.test_story_39_2_production_config" name="test_origin_parser_rejects_non_origin_values[https://good.example.com/path]" time="0.001" /><testcase classname="tests.test_story_39_2_production_config" name="test_origin_parser_rejects_non_origin_values[https://good.example.com/]" time="0.001" /><testcase classname="tests.test_story_39_2_production_config" name="test_origin_parser_rejects_non_origin_values[https://good.example.com:443]" time="0.001" /><testcase classname="tests.test_story_39_2_production_config" name="test_origin_parser_rejects_non_origin_values[https://GOOD.example.com]" time="0.001" /><testcase classname="tests.test_story_39_2_production_config" name="test_origin_parser_rejects_non_origin_values[https://user@good.example.com]" time="0.001" /><testcase classname="tests.test_story_39_2_production_config" name="test_origin_parser_rejects_non_origin_values[ftp://good.example.com]" time="0.001" /><testcase classname="tests.test_story_39_2_production_config" name="test_origin_parser_rejects_non_origin_values[https://good.example.com?q=x]" time="0.001" /><testcase classname="tests.test_story_39_2_cors" name="test_backend_cors_allows_configured_origin_without_wildcard" time="0.005" /><testcase classname="tests.test_story_39_2_cors" name="test_backend_cors_withholds_allow_origin_from_unconfigured_origin" time="0.004" /><testcase classname="tests.test_story_39_2_evidence" name="test_verified_single_maintainer_story_can_pass" time="0.001" /><testcase classname="tests.test_story_39_2_evidence" name="test_virtual_role_approvals_are_rejected" time="0.001" /><testcase classname="tests.test_story_39_2_evidence" name="test_story_cannot_unblock_epic_production_gate" time="0.001" /><testcase classname="tests.test_story_39_2_evidence" name="test_pytest_gate_rejects_empty_failed_or_skipped_runs[metrics0-True]" time="0.001" /><testcase classname="tests.test_story_39_2_evidence" name="test_pytest_gate_rejects_empty_failed_or_skipped_runs[metrics1-False]" time="0.001" /><testcase classname="tests.test_story_39_2_evidence" name="test_pytest_gate_rejects_empty_failed_or_skipped_runs[metrics2-False]" time="0.001" /><testcase classname="tests.test_story_39_2_evidence" name="test_pytest_gate_rejects_empty_failed_or_skipped_runs[metrics3-False]" time="0.001" /><testcase classname="tests.test_story_39_2_evidence" name="test_vitest_gate_rejects_empty_or_pending_runs[metrics0-True]" time="0.001" /><testcase classname="tests.test_story_39_2_evidence" name="test_vitest_gate_rejects_empty_or_pending_runs[metrics1-False]" time="0.001" /><testcase classname="tests.test_story_39_2_evidence" name="test_vitest_gate_rejects_empty_or_pending_runs[metrics2-False]" time="0.001" /><testcase classname="tests.test_story_39_2_evidence" name="test_validator_uses_repository_schema_not_evidence_copy" time="0.007" /><testcase classname="tests.test_story_39_2_evidence" name="test_artifact_gate_rejects_schema_copy_that_differs_from_trusted_source" time="0.062" /><testcase classname="tests.test_story_39_2_evidence" name="test_artifact_path_must_stay_inside_story_directory" time="0.005" /><testcase classname="tests.test_story_39_2_evidence" name="test_registry_snapshot_is_rebuilt_from_runtime" time="0.007" /><testcase classname="tests.test_story_39_2_evidence" name="test_registry_collection_does_not_require_application_settings" time="1.439" /><testcase classname="tests.test_story_39_2_evidence" name="test_evidence_commands_decode_output_as_utf8" time="0.020" /><testcase classname="tests.test_story_39_2_evidence" name="test_node_test_metrics_support_current_and_tap_reporters[# tests 5\n# pass 5\n# fail 0]" time="0.001" /><testcase classname="tests.test_story_39_2_evidence" name="test_node_test_metrics_support_current_and_tap_reporters[\u2139 tests 5\n\u2139 pass 5\n\u2139 fail 0]" time="0.001" /><testcase classname="tests.test_story_39_2_evidence" name="test_manifest_command_drops_runtime_only_fields" time="0.001" /><testcase classname="tests.test_story_39_2_evidence" name="test_source_binding_requires_complete_current_file_set" time="0.007" /><testcase classname="tests.test_story_39_2_evidence" name="test_source_binding_allows_only_evidence_commit_tail[changed_paths0-None]" time="0.007" /><testcase classname="tests.test_story_39_2_evidence" name="test_source_binding_allows_only_evidence_commit_tail[changed_paths1-\u975e\u8bc1\u636e\u6e90\u7801\u63d0\u4ea4]" time="0.007" /><testcase classname="tests.test_story_39_2_evidence" name="test_manifest_changeset_must_match_recomputed_source_snapshot" time="0.001" /><testcase classname="tests.test_story_39_2_evidence" name="test_security_header_gate_rejects_weak_default_policy" time="0.001" /><testcase classname="tests.test_story_39_2_evidence" name="test_artifact_gate_rejects_duplicate_manifest_entries" time="0.004" /><testcase classname="tests.test_story_39_2_evidence" name="test_acceptance_evidence_mapping_is_trusted_and_bidirectional" time="0.001" /><testcase classname="tests.test_story_39_2_evidence" name="test_manifest_command_set_cannot_omit_required_gate" time="0.002" /></testsuite></testsuites>