{"numTotalTestSuites":13,"numPassedTestSuites":13,"numFailedTestSuites":0,"numPendingTestSuites":0,"numTotalTests":30,"numPassedTests":30,"numFailedTests":0,"numPendingTests":0,"numTodoTests":0,"snapshot":{"added":0,"failure":false,"filesAdded":0,"filesRemoved":0,"filesRemovedList":[],"filesUnmatched":0,"filesUpdated":0,"matched":0,"total":0,"unchecked":0,"uncheckedKeysByFile":[],"unmatched":0,"updated":0,"didUpdate":false},"startTime":1786942136426,"success":true,"testResults":[{"assertionResults":[{"ancestorTitles":["dynamic HTML sink policy"],"fullName":"dynamic HTML sink policy keeps dynamic HTML APIs inside the reviewed security boundary","status":"passed","title":"keeps dynamic HTML APIs inside the reviewed security boundary","duration":108.90149999999994,"failureMessages":[],"meta":{}},{"ancestorTitles":["dynamic HTML sink policy"],"fullName":"dynamic HTML sink policy routes persisted diagnosis Markdown through SafeRichText","status":"passed","title":"routes persisted diagnosis Markdown through SafeRichText","duration":1.6842999999998938,"failureMessages":[],"meta":{}},{"ancestorTitles":["dynamic HTML sink policy"],"fullName":"dynamic HTML sink policy keeps ECharts tooltip formatters out of HTML mode","status":"passed","title":"keeps ECharts tooltip formatters out of HTML mode","duration":210.03790000000026,"failureMessages":[],"meta":{}},{"ancestorTitles":["dynamic HTML sink policy"],"fullName":"dynamic HTML sink policy does not expose development credentials unconditionally in production UI","status":"passed","title":"does not expose development credentials unconditionally in production UI","duration":0.787499999999909,"failureMessages":[],"meta":{}},{"ancestorTitles":["dynamic HTML sink policy"],"fullName":"dynamic HTML sink policy keeps diagnosis WebSockets on the shared first-frame authentication path","status":"passed","title":"keeps diagnosis WebSockets on the shared first-frame authentication path","duration":1.97400000000016,"failureMessages":[],"meta":{}}],"startTime":1786942138577,"endTime":1786942138900.974,"status":"passed","message":"","name":"D:/mytest1/frontend/src/security/html-sink-policy.test.ts"},{"assertionResults":[{"ancestorTitles":["renderSafeMarkdown"],"fullName":"renderSafeMarkdown removes executable HTML and dangerous URLs","status":"passed","title":"removes executable HTML and dangerous URLs","duration":69.3118000000004,"failureMessages":[],"meta":{}},{"ancestorTitles":["renderSafeMarkdown"],"fullName":"renderSafeMarkdown keeps supported report formatting and hardens external links","status":"passed","title":"keeps supported report formatting and hardens external links","duration":26.164100000000417,"failureMessages":[],"meta":{}},{"ancestorTitles":["renderSafeMarkdown"],"fullName":"renderSafeMarkdown normalizes link protocols and ignores persisted target attributes","status":"passed","title":"normalizes link protocols and ignores persisted target attributes","duration":7.031200000000354,"failureMessages":[],"meta":{}},{"ancestorTitles":["renderSafeMarkdown"],"fullName":"renderSafeMarkdown removes links containing ASCII control characters","status":"passed","title":"removes links containing ASCII control characters","duration":9.515800000000127,"failureMessages":[],"meta":{}},{"ancestorTitles":["renderSafeMarkdown"],"fullName":"renderSafeMarkdown escapes dynamic tooltip text","status":"passed","title":"escapes dynamic tooltip text","duration":0.34700000000020736,"failureMessages":[],"meta":{}}],"startTime":1786942139281,"endTime":1786942139394.347,"status":"passed","message":"","name":"D:/mytest1/frontend/src/security/html.test.ts"},{"assertionResults":[{"ancestorTitles":["SafeRichText"],"fullName":"SafeRichText blocks persisted Markdown payload <ScRiPt>window.__xss = true</ScRiPt>","status":"passed","title":"blocks persisted Markdown payload <ScRiPt>window.__xss = true</ScRiPt>","duration":59.86480000000029,"failureMessages":[],"meta":{}},{"ancestorTitles":["SafeRichText"],"fullName":"SafeRichText blocks persisted Markdown payload <img src=x oNeRrOr=\"window.__xss = true\">","status":"passed","title":"blocks persisted Markdown payload <img src=x oNeRrOr=\"window.__xss = true\">","duration":11.747299999999996,"failureMessages":[],"meta":{}},{"ancestorTitles":["SafeRichText"],"fullName":"SafeRichText blocks persisted Markdown payload <svg><a xlink:href=\"javascript:alert(1)\">x</a></svg>","status":"passed","title":"blocks persisted Markdown payload <svg><a xlink:href=\"javascript:alert(1)\">x</a></svg>","duration":20.20990000000029,"failureMessages":[],"meta":{}},{"ancestorTitles":["SafeRichText"],"fullName":"SafeRichText blocks persisted Markdown payload <math><mtext><img src=x onerror=alert(1)></mtext></math>","status":"passed","title":"blocks persisted Markdown payload <math><mtext><img src=x onerror=alert(1)></mtext></math>","duration":9.440000000000055,"failureMessages":[],"meta":{}},{"ancestorTitles":["SafeRichText"],"fullName":"SafeRichText blocks persisted Markdown payload [entity](java&#x73;cript:alert(1))","status":"passed","title":"blocks persisted Markdown payload [entity](java&#x73;cript:alert(1))","duration":10.73739999999998,"failureMessages":[],"meta":{}},{"ancestorTitles":["SafeRichText"],"fullName":"SafeRichText blocks persisted Markdown payload [control](java\u0000script:alert(1))","status":"passed","title":"blocks persisted Markdown payload [control](java\u0000script:alert(1))","duration":6.082699999999932,"failureMessages":[],"meta":{}},{"ancestorTitles":["SafeRichText"],"fullName":"SafeRichText blocks persisted Markdown payload [data](DaTa:text/html,%3Cscript%3Ealert(1)%3C/script%3E)","status":"passed","title":"blocks persisted Markdown payload [data](DaTa:text/html,%3Cscript%3Ealert(1)%3C/script%3E)","duration":5.508100000000013,"failureMessages":[],"meta":{}},{"ancestorTitles":["SafeRichText"],"fullName":"SafeRichText blocks persisted Markdown payload &lt;img src=x onerror=alert(1)&gt;","status":"passed","title":"blocks persisted Markdown payload &lt;img src=x onerror=alert(1)&gt;","duration":4.810500000000047,"failureMessages":[],"meta":{}},{"ancestorTitles":["SafeRichText"],"fullName":"SafeRichText preserves readable report formatting and hardens external links","status":"passed","title":"preserves readable report formatting and hardens external links","duration":29.11469999999963,"failureMessages":[],"meta":{}}],"startTime":1786942139325,"endTime":1786942139483.1147,"status":"passed","message":"","name":"D:/mytest1/frontend/src/components/common/SafeRichText.test.ts"},{"assertionResults":[{"ancestorTitles":["Three.js labels"],"fullName":"Three.js labels renders device names as text","status":"passed","title":"renders device names as text","duration":63.072200000000066,"failureMessages":[],"meta":{}},{"ancestorTitles":["Three.js labels"],"fullName":"Three.js labels updates label content as text","status":"passed","title":"updates label content as text","duration":12.431500000000142,"failureMessages":[],"meta":{}}],"startTime":1786942139295,"endTime":1786942139370.4314,"status":"passed","message":"","name":"D:/mytest1/frontend/src/utils/three/labelRenderer.test.ts"},{"assertionResults":[{"ancestorTitles":["WebSocket first-frame authentication"],"fullName":"WebSocket first-frame authentication keeps the access token out of the URL and authenticates first","status":"passed","title":"keeps the access token out of the URL and authenticates first","duration":9.571300000000065,"failureMessages":[],"meta":{}},{"ancestorTitles":["WebSocket first-frame authentication"],"fullName":"WebSocket first-frame authentication restores queued subscriptions only after authentication succeeds","status":"passed","title":"restores queued subscriptions only after authentication succeeds","duration":3.807199999999739,"failureMessages":[],"meta":{}},{"ancestorTitles":["WebSocket first-frame authentication"],"fullName":"WebSocket first-frame authentication does not enter the connected state when authentication fails","status":"passed","title":"does not enter the connected state when authentication fails","duration":5.815499999999702,"failureMessages":[],"meta":{}},{"ancestorTitles":["WebSocket first-frame authentication"],"fullName":"WebSocket first-frame authentication reauthenticates with a fresh token and restores subscriptions only after success","status":"passed","title":"reauthenticates with a fresh token and restores subscriptions only after success","duration":3.3145999999997002,"failureMessages":[],"meta":{}},{"ancestorTitles":["WebSocket first-frame authentication"],"fullName":"WebSocket first-frame authentication stops after ten reconnect attempts and keeps the degradation flag active","status":"passed","title":"stops after ten reconnect attempts and keeps the degradation flag active","duration":4.203200000000379,"failureMessages":[],"meta":{}},{"ancestorTitles":["WebSocket manager site-scoped subscriptions"],"fullName":"WebSocket manager site-scoped subscriptions narrows a selected site and omits site_ids again for all authorized sites","status":"passed","title":"narrows a selected site and omits site_ids again for all authorized sites","duration":54.34490000000005,"failureMessages":[],"meta":{}},{"ancestorTitles":["WebSocket manager site-scoped subscriptions"],"fullName":"WebSocket manager site-scoped subscriptions connects when handlers subscribe before an explicit connect and restores them after reconnect","status":"passed","title":"connects when handlers subscribe before an explicit connect and restores them after reconnect","duration":3.474999999999909,"failureMessages":[],"meta":{}}],"startTime":1786942139319,"endTime":1786942139404.475,"status":"passed","message":"","name":"D:/mytest1/frontend/src/__tests__/api/websocket-auth.test.ts"},{"assertionResults":[{"ancestorTitles":["diagnosis reports persisted Markdown path"],"fullName":"diagnosis reports persisted Markdown path sanitizes the report returned by the detail API before rendering","status":"passed","title":"sanitizes the report returned by the detail API before rendering","duration":149.41270000000077,"failureMessages":[],"meta":{}},{"ancestorTitles":["diagnosis reports persisted Markdown path"],"fullName":"diagnosis reports persisted Markdown path formats missing summary percentages without crashing the table","status":"passed","title":"formats missing summary percentages without crashing the table","duration":14.91820000000007,"failureMessages":[],"meta":{}}],"startTime":1786942141562,"endTime":1786942141726.9182,"status":"passed","message":"","name":"D:/mytest1/frontend/src/views/diagnosis/Reports.test.ts"}]}