<?xml version="1.0" encoding="utf-8"?><testsuites name="pytest tests"><testsuite name="pytest" errors="0" failures="0" skipped="0" tests="214" time="179.071" timestamp="2026-08-11T16:08:36.125910+08:00" hostname="CXG-PC"><testcase classname="tests.test_authorization_inventory" name="test_checked_in_inventory_matches_runtime_surface" time="12.633" /><testcase classname="tests.test_authorization_inventory" name="test_candidate_builder_preserves_reviewed_http_classifications" time="3.148" /><testcase classname="tests.test_authorization_inventory" name="test_missing_runtime_route_is_rejected" time="4.048" /><testcase classname="tests.test_authorization_inventory" name="test_duplicate_policy_key_is_rejected" time="3.644" /><testcase classname="tests.test_authorization_inventory" name="test_unknown_access_type_is_rejected" time="2.940" /><testcase classname="tests.test_authorization_inventory" name="test_stale_policy_is_rejected" time="3.216" /><testcase classname="tests.test_authorization_inventory" name="test_missing_test_mapping_is_rejected" time="2.744" /><testcase classname="tests.test_authorization_inventory" name="test_site_policy_without_resolver_is_rejected" time="2.759" /><testcase classname="tests.test_authorization_inventory" name="test_unclassified_channel_is_rejected" time="3.560" /><testcase classname="tests.test_authorization_inventory" name="test_unclassified_websocket_endpoint_is_rejected" time="3.230" /><testcase classname="tests.test_authorization_inventory" name="test_unclassified_broadcast_producer_is_rejected" time="2.931" /><testcase classname="tests.test_story_39_1" name="test_protected_http_rejects_token_without_jti" time="3.086" /><testcase classname="tests.test_story_39_1" name="test_active_jti_must_belong_to_token_user" time="1.015" /><testcase classname="tests.test_story_39_1" name="test_site_access_context_distinguishes_admin_and_empty_scope" time="0.787" /><testcase classname="tests.test_story_39_1" name="test_explicit_site_and_object_id_use_different_status_codes" time="0.001" /><testcase classname="tests.test_story_39_1" name="test_scope_and_trusted_direct_indirect_resolvers" time="0.814" /><testcase classname="tests.test_story_39_1" name="test_non_admin_context_loads_real_user_site_rows" time="0.785" /><testcase classname="tests.test_story_39_1" name="test_inventory_gate_authenticates_topology_routes" time="0.775" /><testcase classname="tests.test_story_39_1" name="test_device_http_matrix_is_site_isolated" time="1.113" /><testcase classname="tests.test_story_39_1" name="test_point_http_matrix_uses_device_site" time="1.174" /><testcase classname="tests.test_story_39_1" name="test_alarm_http_matrix_scopes_aggregates_exports_and_batches" time="1.192" /><testcase classname="tests.test_story_39_1" name="test_threshold_realtime_and_history_follow_point_site_scope" time="1.189" /><testcase classname="tests.test_story_39_1" name="test_gateway_datasource_and_spatial_objects_are_site_isolated" time="1.215" /><testcase classname="tests.test_story_39_1" name="test_cooling_objects_and_overview_follow_device_site_scope" time="1.288" /><testcase classname="tests.test_story_39_1" name="test_topology_config_and_precool_follow_trusted_site_relations" time="1.532" /><testcase classname="tests.test_story_39_1" name="test_power_objects_and_aggregates_follow_device_site_scope" time="1.442" /><testcase classname="tests.test_story_39_1" name="test_statistics_aggregates_follow_point_device_site_scope" time="1.312" /><testcase classname="tests.test_story_39_1" name="test_report_globals_are_admin_only_and_device_health_is_site_scoped" time="1.339" /><testcase classname="tests.test_story_39_1" name="test_video_cameras_actions_and_playback_follow_trusted_site_relations" time="1.394" /><testcase classname="tests.test_story_39_1" name="test_ota_packages_and_tasks_follow_full_gateway_site_scope" time="1.589" /><testcase classname="tests.test_story_39_1" name="test_data_quality_floor_map_and_predictive_maintenance_authorization" time="1.495" /><testcase classname="tests.test_story_39_1" name="test_command_and_drift_routes_follow_device_and_point_site_scope" time="1.311" /><testcase classname="tests.test_story_39_1" name="test_asset_routes_follow_spatial_site_scope_and_keep_inventory_admin_only" time="1.516" /><testcase classname="tests.test_story_39_1" name="test_operation_work_orders_follow_device_scope_and_unowned_families_are_admin_only" time="1.484" /><testcase classname="tests.test_story_39_1" name="test_diagnosis_records_follow_device_and_point_scope_while_configuration_is_global_admin" time="1.554" /><testcase classname="tests.test_story_39_1" name="test_sensor_metadata_routes_follow_point_device_site_scope" time="1.722" /><testcase classname="tests.test_websocket_authorization" name="test_site_broadcast_only_reaches_authorized_connections" time="0.004" /><testcase classname="tests.test_websocket_authorization" name="test_site_broadcast_without_trusted_site_is_rejected" time="0.008" /><testcase classname="tests.test_websocket_authorization" name="test_role_filter_is_enforced_by_server" time="0.007" /><testcase classname="tests.test_websocket_authorization" name="test_subscription_cannot_expand_site_or_channel_scope" time="0.006" /><testcase classname="tests.test_websocket_authorization" name="test_subscription_filters_point_area_alarm_level_and_site" time="0.028" /><testcase classname="tests.test_websocket_authorization" name="test_malformed_subscription_messages_are_rejected[None]" time="0.002" /><testcase classname="tests.test_websocket_authorization" name="test_malformed_subscription_messages_are_rejected[message1]" time="0.001" /><testcase classname="tests.test_websocket_authorization" name="test_malformed_subscription_messages_are_rejected[message2]" time="0.002" /><testcase classname="tests.test_websocket_authorization" name="test_malformed_subscription_messages_are_rejected[message3]" time="0.001" /><testcase classname="tests.test_websocket_authorization" name="test_malformed_subscription_messages_are_rejected[message4]" time="0.002" /><testcase classname="tests.test_websocket_authorization" name="test_malformed_subscription_messages_are_rejected[message5]" time="0.001" /><testcase classname="tests.test_websocket_authorization" name="test_malformed_subscription_messages_are_rejected[message6]" time="0.001" /><testcase classname="tests.test_websocket_authorization" name="test_malformed_subscription_messages_are_rejected[message7]" time="0.001" /><testcase classname="tests.test_websocket_authorization" name="test_failed_send_removes_connection_from_snapshot" time="0.027" /><testcase classname="tests.test_websocket_authorization" name="test_revalidation_revocation_does_not_send_from_stale_snapshot" time="0.004" /><testcase classname="tests.test_websocket_authorization" name="test_inventory_producers_declare_explicit_runtime_scope" time="3.847" /><testcase classname="tests.test_websocket_authorization" name="test_jti_invalidation_closes_and_removes_connection" time="0.005" /><testcase classname="tests.test_websocket_authorization" name="test_websocket_token_returns_full_active_session_context" time="0.935" /><testcase classname="tests.test_websocket_authorization" name="test_websocket_routes_do_not_accept_token_query_parameter" time="0.001" /><testcase classname="tests.test_websocket_authorization" name="test_websocket_route_authenticates_before_processing_messages" time="0.014" /><testcase classname="tests.test_websocket_authorization" name="test_websocket_route_rejects_malformed_first_frame[None]" time="0.010" /><testcase classname="tests.test_websocket_authorization" name="test_websocket_route_rejects_malformed_first_frame[frame1]" time="0.013" /><testcase classname="tests.test_websocket_authorization" name="test_websocket_route_rejects_malformed_first_frame[frame2]" time="0.012" /><testcase classname="tests.test_websocket_authorization" name="test_websocket_route_rejects_malformed_first_frame[frame3]" time="0.010" /><testcase classname="tests.test_websocket_authorization" name="test_websocket_route_rejects_malformed_first_frame[frame4]" time="0.010" /><testcase classname="tests.test_websocket_authorization" name="test_websocket_route_rejects_failed_authentication" time="0.011" /><testcase classname="tests.test_websocket_authorization" name="test_websocket_route_rejects_authentication_timeout" time="0.010" /><testcase classname="tests.test_websocket_authorization" name="test_websocket_route_rejects_post_auth_scope_violations[message0]" time="0.012" /><testcase classname="tests.test_websocket_authorization" name="test_websocket_route_rejects_post_auth_scope_violations[message1]" time="0.014" /><testcase classname="tests.test_websocket_authorization" name="test_websocket_route_rejects_post_auth_scope_violations[message2]" time="0.020" /><testcase classname="tests.test_websocket_authorization" name="test_websocket_route_rejects_post_auth_scope_violations[message3]" time="0.013" /><testcase classname="tests.test_websocket_authorization" name="test_logout_commit_invalidates_current_jti" time="0.975" /><testcase classname="tests.test_websocket_authorization" name="test_site_replacement_commit_invalidates_target_user" time="1.224" /><testcase classname="tests.test_websocket_authorization" name="test_broadcast_revalidation_blocks_revoked_session" time="0.972" /><testcase classname="tests.test_websocket_authorization" name="test_concurrent_session_eviction_invalidates_old_connection" time="1.791" /><testcase classname="tests.test_websocket_authorization" name="test_user_authorization_mutations_invalidate_connections[role]" time="1.222" /><testcase classname="tests.test_websocket_authorization" name="test_user_authorization_mutations_invalidate_connections[disable]" time="1.229" /><testcase classname="tests.test_websocket_authorization" name="test_user_authorization_mutations_invalidate_connections[delete]" time="1.220" /><testcase classname="tests.test_websocket_authorization" name="test_invalidation_failure_does_not_rollback_committed_role_change" time="1.254" /><testcase classname="tests.test_auth_session" name="test_login_creates_session" time="1.280" /><testcase classname="tests.test_auth_session" name="test_concurrent_session_limit" time="1.384" /><testcase classname="tests.test_auth_session" name="test_kicked_session_returns_401" time="1.394" /><testcase classname="tests.test_auth_session" name="test_latest_session_still_works" time="1.396" /><testcase classname="tests.test_auth_session" name="test_jwt_tamper_returns_401" time="0.015" /><testcase classname="tests.test_auth_session" name="test_rate_limit" time="1.637" /><testcase classname="tests.test_site_isolation" name="test_assign_user_sites" time="0.943" /><testcase classname="tests.test_site_isolation" name="test_get_user_sites" time="0.295" /><testcase classname="tests.test_site_isolation" name="test_update_user_sites_replaces" time="0.302" /><testcase classname="tests.test_site_isolation" name="test_assign_invalid_site" time="0.283" /><testcase classname="tests.test_site_isolation" name="test_get_site_users" time="0.300" /><testcase classname="tests.test_site_isolation" name="test_device_site_filter_admin_sees_all" time="0.038" /><testcase classname="tests.test_site_isolation" name="test_device_site_filter_operator" time="0.034" /><testcase classname="tests.test_site_isolation" name="test_device_with_site_id_field" time="0.031" /><testcase classname="tests.test_site_isolation" name="test_user_not_found_for_sites" time="0.017" /><testcase classname="tests.test_site_isolation" name="test_site_not_found_for_users" time="0.022" /><testcase classname="tests.test_site_management.TestSiteCRUD" name="test_create_site_with_new_fields" time="1.085" /><testcase classname="tests.test_site_management.TestSiteCRUD" name="test_create_site_minimal" time="1.048" /><testcase classname="tests.test_site_management.TestSiteCRUD" name="test_list_sites_with_status_filter" time="0.996" /><testcase classname="tests.test_site_management.TestSiteCRUD" name="test_update_site_new_fields" time="1.021" /><testcase classname="tests.test_site_management.TestSiteCRUD" name="test_update_site_status_not_in_update_schema" time="0.997" /><testcase classname="tests.test_site_management.TestSiteCRUD" name="test_update_site_returns_stats" time="1.040" /><testcase classname="tests.test_site_management.TestSiteCRUD" name="test_update_site_not_found" time="1.325" /><testcase classname="tests.test_site_management.TestSiteStatistics" name="test_site_list_with_gateway_count" time="0.967" /><testcase classname="tests.test_site_management.TestSiteStatistics" name="test_site_list_with_device_count" time="0.977" /><testcase classname="tests.test_site_management.TestSiteDelete" name="test_delete_empty_site" time="0.955" /><testcase classname="tests.test_site_management.TestSiteDelete" name="test_delete_site_with_gateway_blocked" time="1.074" /><testcase classname="tests.test_site_management.TestSiteDelete" name="test_delete_site_with_device_blocked" time="0.978" /><testcase classname="tests.test_site_management.TestSiteDelete" name="test_delete_site_with_datasource_blocked" time="1.005" /><testcase classname="tests.test_site_management.TestSiteDelete" name="test_delete_nonexistent_site" time="0.980" /><testcase classname="tests.test_site_management.TestSiteStatus" name="test_update_site_status" time="0.913" /><testcase classname="tests.test_site_management.TestSiteStatus" name="test_update_site_status_invalid" time="0.946" /><testcase classname="tests.test_site_management.TestSiteStatus" name="test_update_site_status_not_found" time="0.949" /><testcase classname="tests.test_site_management.TestSiteAclRules" name="test_acl_rules_auto_created" time="0.997" /><testcase classname="tests.test_site_management.TestSiteAclRules" name="test_acl_rules_cleaned_on_delete" time="0.970" /><testcase classname="tests.test_site_management.TestGatewaySiteFilter" name="test_gateway_list_filter_by_site" time="1.010" /><testcase classname="tests.test_site_management.TestGatewaySiteFilter" name="test_gateway_summary_filter_by_site" time="1.027" /><testcase classname="tests.test_site_management.TestDatasourceSiteFilter" name="test_datasource_list_filter_by_site" time="1.017" /><testcase classname="tests.test_site_management.TestSiteAccessPermission" name="test_require_site_access_blocks_unauthorized_operator" time="1.325" /><testcase classname="tests.test_site_management.TestSiteAccessPermission" name="test_require_site_access_allows_authorized_operator" time="1.267" /><testcase classname="tests.test_site_management.TestSiteAccessPermission" name="test_viewer_list_sites_filtered" time="1.268" /><testcase classname="tests.test_site_management.TestSiteAccessPermission" name="test_viewer_filtered_by_user_sites" time="1.296" /><testcase classname="tests.test_site_management.TestSiteAccessPermission" name="test_admin_sees_all_gateways" time="0.994" /><testcase classname="tests.test_site_management.TestEmqxAclService" name="test_generate_acl_rules" time="0.002" /><testcase classname="tests.test_site_management.TestEmqxAclService" name="test_match_topic_exact" time="0.002" /><testcase classname="tests.test_site_management.TestEmqxAclService" name="test_match_topic_plus_wildcard" time="0.002" /><testcase classname="tests.test_site_management.TestEmqxAclService" name="test_match_topic_hash_wildcard" time="0.002" /><testcase classname="tests.test_site_management.TestEmqxAclService" name="test_match_client_wildcard" time="0.002" /><testcase classname="tests.test_site_management.TestEmqxAclService" name="test_on_site_created" time="0.719" /><testcase classname="tests.test_site_management.TestEmqxAclService" name="test_on_site_deleted" time="0.793" /><testcase classname="tests.test_site_management.TestEmqxAclService" name="test_refresh_site_rules" time="0.766" /><testcase classname="tests.test_site_management.TestEmqxAclService" name="test_check_topic_permission" time="0.720" /><testcase classname="tests.test_site_management.TestSiteSummary" name="test_summary_empty" time="0.929" /><testcase classname="tests.test_site_management.TestSiteSummary" name="test_summary_with_sites" time="1.016" /><testcase classname="tests.test_site_management.TestSiteSummary" name="test_summary_viewer_filtered" time="1.807" /><testcase classname="tests.test_device_detail.TestDeviceDetail" name="test_device_detail_success" time="0.742" /><testcase classname="tests.test_device_detail.TestDeviceDetail" name="test_device_detail_not_found" time="0.714" /><testcase classname="tests.test_device_detail.TestDeviceDetail" name="test_device_detail_no_points" time="0.765" /><testcase classname="tests.test_device_detail.TestDeviceDetail" name="test_device_detail_only_active_alarms" time="0.724" /><testcase classname="tests.test_point_data" name="test_format_point_data" time="0.001" /><testcase classname="tests.test_point_data" name="test_format_point_data_empty" time="0.001" /><testcase classname="tests.test_point_data" name="test_gateway_mqtt_client_publish_connected" time="0.006" /><testcase classname="tests.test_point_data" name="test_gateway_mqtt_client_publish_disconnected_with_cache" time="0.007" /><testcase classname="tests.test_point_data" name="test_handle_point_data_new_points" time="0.979" /><testcase classname="tests.test_point_data" name="test_handle_point_data_update_existing" time="0.917" /><testcase classname="tests.test_point_data" name="test_handle_point_data_mapped_point_code_updates_realtime" time="0.945" /><testcase classname="tests.test_point_data" name="test_handle_point_data_invalid_payload" time="0.893" /><testcase classname="tests.test_point_data" name="test_mqtt_service_data_topic_routing" time="0.008" /><testcase classname="tests.test_alarm_api.TestAcknowledgeAlarm" name="test_acknowledge_active_alarm" time="0.638" /><testcase classname="tests.test_alarm_api.TestAcknowledgeAlarm" name="test_acknowledge_non_active_alarm" time="0.021" /><testcase classname="tests.test_alarm_api.TestAcknowledgeAlarm" name="test_acknowledge_nonexistent_alarm" time="0.019" /><testcase classname="tests.test_alarm_api.TestProcessAlarm" name="test_process_active_alarm" time="0.023" /><testcase classname="tests.test_alarm_api.TestProcessAlarm" name="test_process_resolved_alarm" time="0.020" /><testcase classname="tests.test_alarm_api.TestProcessAlarm" name="test_process_nonexistent_alarm" time="0.019" /><testcase classname="tests.test_alarm_api.TestProcessAlarm" name="test_process_without_remark" time="0.016" /><testcase classname="tests.test_alarm_api.TestResolveAlarm" name="test_resolve_active_alarm" time="0.025" /><testcase classname="tests.test_alarm_api.TestResolveAlarm" name="test_resolve_already_resolved" time="0.024" /><testcase classname="tests.test_alarm_api.TestResolveAlarm" name="test_resolve_nonexistent_alarm" time="0.021" /><testcase classname="tests.test_alarm_api.TestBatchAcknowledge" name="test_batch_acknowledge" time="0.024" /><testcase classname="tests.test_alarm_api.TestBatchAcknowledge" name="test_batch_acknowledge_resolved_alarms" time="0.023" /><testcase classname="tests.test_alarm_api.TestAlarmStatistics" name="test_statistics_default" time="0.024" /><testcase classname="tests.test_alarm_api.TestAlarmStatistics" name="test_statistics_by_device_type" time="0.026" /><testcase classname="tests.test_alarm_api.TestAlarmStatistics" name="test_statistics_by_alarm_level" time="0.024" /><testcase classname="tests.test_alarm_api.TestAlarmStatistics" name="test_statistics_has_device_type_breakdown" time="0.024" /><testcase classname="tests.test_story_24_6" name="test_result_store_save_complete[asyncio]" time="0.636" /><testcase classname="tests.test_story_24_6" name="test_push_confidence_90_alert[asyncio]" time="0.004" /><testcase classname="tests.test_story_24_6" name="test_push_confidence_70_suggestion[asyncio]" time="0.004" /><testcase classname="tests.test_story_24_6" name="test_push_confidence_50_skipped[asyncio]" time="0.003" /><testcase classname="tests.test_story_24_6" name="test_sessions_list_api[asyncio]" time="0.850" /><testcase classname="tests.test_story_24_6" name="test_session_detail_api[asyncio]" time="0.958" /><testcase classname="tests.test_story_24_6" name="test_session_audit_log_requires_admin[asyncio]" time="1.232" /><testcase classname="tests.test_story_24_6" name="test_save_complete_rollback_on_error[asyncio]" time="0.011" /><testcase classname="tests.test_story_24_6" name="test_push_failure_returns_failed[asyncio]" time="4.093" /><testcase classname="tests.test_story_24_6" name="test_same_alarm_dual_sessions[asyncio]" time="0.751" /><testcase classname="tests.test_story_24_6" name="test_websocket_message_format[asyncio]" time="0.003" /><testcase classname="tests.test_story_24_6" name="test_push_retry_enqueue_on_failure[asyncio]" time="0.006" /><testcase classname="tests.test_story_24_6" name="test_push_retry_process_success[asyncio]" time="0.005" /><testcase classname="tests.test_story_24_6" name="test_push_retry_expired_skipped[asyncio]" time="0.006" /><testcase classname="tests.test_story_24_6" name="test_push_retry_max_count_exceeded[asyncio]" time="0.004" /><testcase classname="tests.test_story_24_6" name="test_push_level_boundary_values" time="0.001" /><testcase classname="tests.test_story_24_6" name="test_sanitize_audit_data_removes_sensitive_fields" time="0.001" /><testcase classname="tests.test_story_24_6" name="test_truncate_large_audit_data" time="0.002" /><testcase classname="tests.test_story_24_6" name="test_sanitize_sensitive_suffix_fields" time="0.001" /><testcase classname="tests.test_story_24_6" name="test_sanitize_string_value_patterns" time="0.001" /><testcase classname="tests.test_story_24_7" name="test_breaker_trip_on_consecutive_failures[asyncio]" time="0.003" /><testcase classname="tests.test_story_24_7" name="test_breaker_trip_on_error_rate[asyncio]" time="0.002" /><testcase classname="tests.test_story_24_7" name="test_breaker_low_traffic_mode[asyncio]" time="0.003" /><testcase classname="tests.test_story_24_7" name="test_breaker_auto_recovery[asyncio]" time="0.003" /><testcase classname="tests.test_story_24_7" name="test_breaker_probe_failure[asyncio]" time="0.003" /><testcase classname="tests.test_story_24_7" name="test_degraded_routing[asyncio]" time="0.003" /><testcase classname="tests.test_story_24_7" name="test_health_api[asyncio]" time="0.947" /><testcase classname="tests.test_story_24_7" name="test_fallback_save_to_redis[asyncio]" time="0.005" /><testcase classname="tests.test_story_24_7" name="test_recover_pending[asyncio]" time="0.008" /><testcase classname="tests.test_story_24_7" name="test_state_change_alert[asyncio]" time="0.003" /><testcase classname="tests.test_story_24_7" name="test_l1_bypasses_breaker[asyncio]" time="0.002" /><testcase classname="tests.test_story_24_7" name="test_datetime_round_trip[asyncio]" time="0.003" /><testcase classname="tests.test_story_24_7" name="test_injectable_time_source[asyncio]" time="0.004" /><testcase classname="tests.test_story_24_7" name="test_half_open_concurrent_degraded[asyncio]" time="0.004" /><testcase classname="tests.test_story_24_7" name="test_breaker_stays_closed_below_threshold[asyncio]" time="0.002" /><testcase classname="tests.test_story_24_7" name="test_breaker_reset[asyncio]" time="0.002" /><testcase classname="tests.test_story_24_7" name="test_result_store_fallback_to_redis[asyncio]" time="0.010" /><testcase classname="tests.test_story_24_7" name="test_breaker_websocket_alert_format[asyncio]" time="0.003" /><testcase classname="tests.test_fault_impact" name="test_fault_impact_pdu_basic" time="0.753" /><testcase classname="tests.test_fault_impact" name="test_fault_impact_pdu_not_found" time="0.022" /><testcase classname="tests.test_fault_impact" name="test_fault_impact_invalid_type" time="0.022" /><testcase classname="tests.test_fault_impact" name="test_fault_impact_pdu_no_mapping" time="0.029" /><testcase classname="tests.test_fault_impact" name="test_fault_impact_dual_feed" time="0.052" /><testcase classname="tests.test_gateway_monitor.TestGatewayMonitorService" name="test_record_status_change" time="0.943" /><testcase classname="tests.test_gateway_monitor.TestGatewayMonitorService" name="test_check_resource_warnings_over_threshold" time="0.897" /><testcase classname="tests.test_gateway_monitor.TestGatewayMonitorService" name="test_check_resource_warnings_under_threshold" time="0.888" /><testcase classname="tests.test_gateway_monitor.TestGatewayMonitorService" name="test_check_resource_warnings_cooldown_dedup" time="0.892" /><testcase classname="tests.test_gateway_monitor.TestGatewayMonitorService" name="test_check_resource_warnings_after_cooldown" time="1.341" /><testcase classname="tests.test_gateway_monitor.TestGatewayMonitorIntegration" name="test_handle_gateway_status_new_records_event" time="0.957" /><testcase classname="tests.test_gateway_monitor.TestGatewayMonitorIntegration" name="test_handle_gateway_status_offline_to_online_records_event" time="0.970" /><testcase classname="tests.test_gateway_monitor.TestGatewayMonitorIntegration" name="test_check_heartbeats_records_offline_event" time="0.902" /><testcase classname="tests.test_gateway_monitor.TestGatewayMonitorAPI" name="test_gateway_summary_api" time="1.008" /><testcase classname="tests.test_gateway_monitor.TestGatewayMonitorAPI" name="test_gateway_detail_with_counts" time="0.974" /><testcase classname="tests.test_gateway_monitor.TestGatewayMonitorAPI" name="test_gateway_events_api" time="0.941" /><testcase classname="tests.test_gateway_monitor.TestGatewayMonitorAPI" name="test_gateway_list_keyword_search" time="1.015" /></testsuite></testsuites>