<?xml version="1.0" encoding="utf-8"?><testsuites name="pytest tests"><testsuite name="pytest" errors="0" failures="0" skipped="0" tests="197" time="166.603" timestamp="2026-08-11T11:55:51.630239+08:00" hostname="CXG-PC"><testcase classname="tests.test_authorization_inventory" name="test_checked_in_inventory_matches_runtime_surface" time="6.625" /><testcase classname="tests.test_authorization_inventory" name="test_candidate_builder_preserves_reviewed_http_classifications" time="2.741" /><testcase classname="tests.test_authorization_inventory" name="test_missing_runtime_route_is_rejected" time="2.347" /><testcase classname="tests.test_authorization_inventory" name="test_duplicate_policy_key_is_rejected" time="2.743" /><testcase classname="tests.test_authorization_inventory" name="test_unknown_access_type_is_rejected" time="2.536" /><testcase classname="tests.test_authorization_inventory" name="test_stale_policy_is_rejected" time="2.987" /><testcase classname="tests.test_authorization_inventory" name="test_missing_test_mapping_is_rejected" time="2.268" /><testcase classname="tests.test_authorization_inventory" name="test_site_policy_without_resolver_is_rejected" time="2.301" /><testcase classname="tests.test_authorization_inventory" name="test_unclassified_channel_is_rejected" time="2.732" /><testcase classname="tests.test_authorization_inventory" name="test_unclassified_websocket_endpoint_is_rejected" time="2.836" /><testcase classname="tests.test_authorization_inventory" name="test_unclassified_broadcast_producer_is_rejected" time="2.600" /><testcase classname="tests.test_story_39_1" name="test_protected_http_rejects_token_without_jti" time="2.790" /><testcase classname="tests.test_story_39_1" name="test_active_jti_must_belong_to_token_user" time="0.813" /><testcase classname="tests.test_story_39_1" name="test_site_access_context_distinguishes_admin_and_empty_scope" time="0.656" /><testcase classname="tests.test_story_39_1" name="test_explicit_site_and_object_id_use_different_status_codes" time="0.001" /><testcase classname="tests.test_story_39_1" name="test_scope_and_trusted_direct_indirect_resolvers" time="0.816" /><testcase classname="tests.test_story_39_1" name="test_non_admin_context_loads_real_user_site_rows" time="0.807" /><testcase classname="tests.test_story_39_1" name="test_inventory_gate_authenticates_topology_routes" time="0.846" /><testcase classname="tests.test_story_39_1" name="test_device_http_matrix_is_site_isolated" time="1.215" /><testcase classname="tests.test_story_39_1" name="test_point_http_matrix_uses_device_site" time="1.272" /><testcase classname="tests.test_story_39_1" name="test_alarm_http_matrix_scopes_aggregates_exports_and_batches" time="1.288" /><testcase classname="tests.test_story_39_1" name="test_threshold_realtime_and_history_follow_point_site_scope" time="1.310" /><testcase classname="tests.test_story_39_1" name="test_gateway_datasource_and_spatial_objects_are_site_isolated" time="1.208" /><testcase classname="tests.test_story_39_1" name="test_cooling_objects_and_overview_follow_device_site_scope" time="1.261" /><testcase classname="tests.test_story_39_1" name="test_topology_config_and_precool_follow_trusted_site_relations" time="1.340" /><testcase classname="tests.test_story_39_1" name="test_power_objects_and_aggregates_follow_device_site_scope" time="1.499" /><testcase classname="tests.test_story_39_1" name="test_statistics_aggregates_follow_point_device_site_scope" time="1.219" /><testcase classname="tests.test_story_39_1" name="test_report_globals_are_admin_only_and_device_health_is_site_scoped" time="1.273" /><testcase classname="tests.test_story_39_1" name="test_video_cameras_actions_and_playback_follow_trusted_site_relations" time="1.352" /><testcase classname="tests.test_story_39_1" name="test_ota_packages_and_tasks_follow_full_gateway_site_scope" time="1.623" /><testcase classname="tests.test_story_39_1" name="test_data_quality_floor_map_and_predictive_maintenance_authorization" time="1.607" /><testcase classname="tests.test_story_39_1" name="test_command_and_drift_routes_follow_device_and_point_site_scope" time="1.256" /><testcase classname="tests.test_story_39_1" name="test_asset_routes_follow_spatial_site_scope_and_keep_inventory_admin_only" time="2.161" /><testcase classname="tests.test_story_39_1" name="test_operation_work_orders_follow_device_scope_and_unowned_families_are_admin_only" time="1.447" /><testcase classname="tests.test_story_39_1" name="test_diagnosis_records_follow_device_and_point_scope_while_configuration_is_global_admin" time="1.753" /><testcase classname="tests.test_story_39_1" name="test_sensor_metadata_routes_follow_point_device_site_scope" time="1.199" /><testcase classname="tests.test_websocket_authorization" name="test_site_broadcast_only_reaches_authorized_connections" time="0.003" /><testcase classname="tests.test_websocket_authorization" name="test_site_broadcast_without_trusted_site_is_rejected" time="0.003" /><testcase classname="tests.test_websocket_authorization" name="test_role_filter_is_enforced_by_server" time="0.002" /><testcase classname="tests.test_websocket_authorization" name="test_subscription_cannot_expand_site_or_channel_scope" time="0.003" /><testcase classname="tests.test_websocket_authorization" name="test_subscription_filters_point_area_alarm_level_and_site" time="0.002" /><testcase classname="tests.test_websocket_authorization" name="test_malformed_subscription_messages_are_rejected[None]" time="0.001" /><testcase classname="tests.test_websocket_authorization" name="test_malformed_subscription_messages_are_rejected[message1]" time="0.001" /><testcase classname="tests.test_websocket_authorization" name="test_malformed_subscription_messages_are_rejected[message2]" time="0.001" /><testcase classname="tests.test_websocket_authorization" name="test_malformed_subscription_messages_are_rejected[message3]" time="0.001" /><testcase classname="tests.test_websocket_authorization" name="test_malformed_subscription_messages_are_rejected[message4]" time="0.001" /><testcase classname="tests.test_websocket_authorization" name="test_malformed_subscription_messages_are_rejected[message5]" time="0.001" /><testcase classname="tests.test_websocket_authorization" name="test_malformed_subscription_messages_are_rejected[message6]" time="0.001" /><testcase classname="tests.test_websocket_authorization" name="test_malformed_subscription_messages_are_rejected[message7]" time="0.001" /><testcase classname="tests.test_websocket_authorization" name="test_failed_send_removes_connection_from_snapshot" time="0.003" /><testcase classname="tests.test_websocket_authorization" name="test_revalidation_revocation_does_not_send_from_stale_snapshot" time="0.002" /><testcase classname="tests.test_websocket_authorization" name="test_inventory_producers_declare_explicit_runtime_scope" time="4.352" /><testcase classname="tests.test_websocket_authorization" name="test_jti_invalidation_closes_and_removes_connection" time="0.003" /><testcase classname="tests.test_websocket_authorization" name="test_websocket_token_returns_full_active_session_context" time="0.972" /><testcase classname="tests.test_websocket_authorization" name="test_websocket_routes_do_not_accept_token_query_parameter" time="0.001" /><testcase classname="tests.test_websocket_authorization" name="test_websocket_route_authenticates_before_processing_messages" time="0.013" /><testcase classname="tests.test_websocket_authorization" name="test_websocket_route_rejects_malformed_first_frame[None]" time="0.011" /><testcase classname="tests.test_websocket_authorization" name="test_websocket_route_rejects_malformed_first_frame[frame1]" time="0.009" /><testcase classname="tests.test_websocket_authorization" name="test_websocket_route_rejects_malformed_first_frame[frame2]" time="0.011" /><testcase classname="tests.test_websocket_authorization" name="test_websocket_route_rejects_malformed_first_frame[frame3]" time="0.011" /><testcase classname="tests.test_websocket_authorization" name="test_websocket_route_rejects_malformed_first_frame[frame4]" time="0.011" /><testcase classname="tests.test_websocket_authorization" name="test_websocket_route_rejects_failed_authentication" time="0.011" /><testcase classname="tests.test_websocket_authorization" name="test_websocket_route_rejects_authentication_timeout" time="0.010" /><testcase classname="tests.test_websocket_authorization" name="test_websocket_route_rejects_post_auth_scope_violations[message0]" time="0.012" /><testcase classname="tests.test_websocket_authorization" name="test_websocket_route_rejects_post_auth_scope_violations[message1]" time="0.012" /><testcase classname="tests.test_websocket_authorization" name="test_websocket_route_rejects_post_auth_scope_violations[message2]" time="0.011" /><testcase classname="tests.test_websocket_authorization" name="test_websocket_route_rejects_post_auth_scope_violations[message3]" time="0.011" /><testcase classname="tests.test_websocket_authorization" name="test_logout_commit_invalidates_current_jti" time="1.209" /><testcase classname="tests.test_websocket_authorization" name="test_site_replacement_commit_invalidates_target_user" time="1.538" /><testcase classname="tests.test_websocket_authorization" name="test_broadcast_revalidation_blocks_revoked_session" time="1.190" /><testcase classname="tests.test_websocket_authorization" name="test_concurrent_session_eviction_invalidates_old_connection" time="2.147" /><testcase classname="tests.test_websocket_authorization" name="test_user_authorization_mutations_invalidate_connections[role]" time="1.486" /><testcase classname="tests.test_websocket_authorization" name="test_user_authorization_mutations_invalidate_connections[disable]" time="1.434" /><testcase classname="tests.test_websocket_authorization" name="test_user_authorization_mutations_invalidate_connections[delete]" time="1.455" /><testcase classname="tests.test_websocket_authorization" name="test_invalidation_failure_does_not_rollback_committed_role_change" time="1.539" /><testcase classname="tests.test_auth_session" name="test_login_creates_session" time="1.461" /><testcase classname="tests.test_auth_session" name="test_concurrent_session_limit" time="1.520" /><testcase classname="tests.test_auth_session" name="test_kicked_session_returns_401" time="1.652" /><testcase classname="tests.test_auth_session" name="test_latest_session_still_works" time="1.547" /><testcase classname="tests.test_auth_session" name="test_jwt_tamper_returns_401" time="0.014" /><testcase classname="tests.test_auth_session" name="test_rate_limit" time="1.776" /><testcase classname="tests.test_site_isolation" name="test_assign_user_sites" time="1.153" /><testcase classname="tests.test_site_isolation" name="test_get_user_sites" time="0.324" /><testcase classname="tests.test_site_isolation" name="test_update_user_sites_replaces" time="0.381" /><testcase classname="tests.test_site_isolation" name="test_assign_invalid_site" time="0.384" /><testcase classname="tests.test_site_isolation" name="test_get_site_users" time="0.366" /><testcase classname="tests.test_site_isolation" name="test_device_site_filter_admin_sees_all" time="0.042" /><testcase classname="tests.test_site_isolation" name="test_device_site_filter_operator" time="0.034" /><testcase classname="tests.test_site_isolation" name="test_device_with_site_id_field" time="0.035" /><testcase classname="tests.test_site_isolation" name="test_user_not_found_for_sites" time="0.017" /><testcase classname="tests.test_site_isolation" name="test_site_not_found_for_users" time="0.021" /><testcase classname="tests.test_site_management.TestSiteCRUD" name="test_create_site_with_new_fields" time="1.292" /><testcase classname="tests.test_site_management.TestSiteCRUD" name="test_create_site_minimal" time="1.083" /><testcase classname="tests.test_site_management.TestSiteCRUD" name="test_list_sites_with_status_filter" time="1.161" /><testcase classname="tests.test_site_management.TestSiteCRUD" name="test_update_site_new_fields" time="1.082" /><testcase classname="tests.test_site_management.TestSiteCRUD" name="test_update_site_status_not_in_update_schema" time="1.151" /><testcase classname="tests.test_site_management.TestSiteCRUD" name="test_update_site_returns_stats" time="1.201" /><testcase classname="tests.test_site_management.TestSiteCRUD" name="test_update_site_not_found" time="1.177" /><testcase classname="tests.test_site_management.TestSiteStatistics" name="test_site_list_with_gateway_count" time="1.288" /><testcase classname="tests.test_site_management.TestSiteStatistics" name="test_site_list_with_device_count" time="1.252" /><testcase classname="tests.test_site_management.TestSiteDelete" name="test_delete_empty_site" time="1.260" /><testcase classname="tests.test_site_management.TestSiteDelete" name="test_delete_site_with_gateway_blocked" time="1.259" /><testcase classname="tests.test_site_management.TestSiteDelete" name="test_delete_site_with_device_blocked" time="1.110" /><testcase classname="tests.test_site_management.TestSiteDelete" name="test_delete_site_with_datasource_blocked" time="1.073" /><testcase classname="tests.test_site_management.TestSiteDelete" name="test_delete_nonexistent_site" time="1.126" /><testcase classname="tests.test_site_management.TestSiteStatus" name="test_update_site_status" time="1.155" /><testcase classname="tests.test_site_management.TestSiteStatus" name="test_update_site_status_invalid" time="1.010" /><testcase classname="tests.test_site_management.TestSiteStatus" name="test_update_site_status_not_found" time="1.143" /><testcase classname="tests.test_site_management.TestSiteAclRules" name="test_acl_rules_auto_created" time="1.260" /><testcase classname="tests.test_site_management.TestSiteAclRules" name="test_acl_rules_cleaned_on_delete" time="1.097" /><testcase classname="tests.test_site_management.TestGatewaySiteFilter" name="test_gateway_list_filter_by_site" time="1.292" /><testcase classname="tests.test_site_management.TestGatewaySiteFilter" name="test_gateway_summary_filter_by_site" time="1.228" /><testcase classname="tests.test_site_management.TestDatasourceSiteFilter" name="test_datasource_list_filter_by_site" time="1.227" /><testcase classname="tests.test_site_management.TestSiteAccessPermission" name="test_require_site_access_blocks_unauthorized_operator" time="1.420" /><testcase classname="tests.test_site_management.TestSiteAccessPermission" name="test_require_site_access_allows_authorized_operator" time="1.443" /><testcase classname="tests.test_site_management.TestSiteAccessPermission" name="test_viewer_list_sites_filtered" time="1.666" /><testcase classname="tests.test_site_management.TestSiteAccessPermission" name="test_viewer_filtered_by_user_sites" time="1.340" /><testcase classname="tests.test_site_management.TestSiteAccessPermission" name="test_admin_sees_all_gateways" time="1.230" /><testcase classname="tests.test_site_management.TestEmqxAclService" name="test_generate_acl_rules" time="0.004" /><testcase classname="tests.test_site_management.TestEmqxAclService" name="test_match_topic_exact" time="0.003" /><testcase classname="tests.test_site_management.TestEmqxAclService" name="test_match_topic_plus_wildcard" time="0.005" /><testcase classname="tests.test_site_management.TestEmqxAclService" name="test_match_topic_hash_wildcard" time="0.005" /><testcase classname="tests.test_site_management.TestEmqxAclService" name="test_match_client_wildcard" time="0.019" /><testcase classname="tests.test_site_management.TestEmqxAclService" name="test_on_site_created" time="1.112" /><testcase classname="tests.test_site_management.TestEmqxAclService" name="test_on_site_deleted" time="0.894" /><testcase classname="tests.test_site_management.TestEmqxAclService" name="test_refresh_site_rules" time="0.678" /><testcase classname="tests.test_site_management.TestEmqxAclService" name="test_check_topic_permission" time="0.797" /><testcase classname="tests.test_site_management.TestSiteSummary" name="test_summary_empty" time="1.189" /><testcase classname="tests.test_site_management.TestSiteSummary" name="test_summary_with_sites" time="1.227" /><testcase classname="tests.test_site_management.TestSiteSummary" name="test_summary_viewer_filtered" time="1.499" /><testcase classname="tests.test_device_detail.TestDeviceDetail" name="test_device_detail_success" time="0.816" /><testcase classname="tests.test_device_detail.TestDeviceDetail" name="test_device_detail_not_found" time="0.874" /><testcase classname="tests.test_device_detail.TestDeviceDetail" name="test_device_detail_no_points" time="0.915" /><testcase classname="tests.test_device_detail.TestDeviceDetail" name="test_device_detail_only_active_alarms" time="0.871" /><testcase classname="tests.test_point_data" name="test_format_point_data" time="0.001" /><testcase classname="tests.test_point_data" name="test_format_point_data_empty" time="0.001" /><testcase classname="tests.test_point_data" name="test_gateway_mqtt_client_publish_connected" time="0.005" /><testcase classname="tests.test_point_data" name="test_gateway_mqtt_client_publish_disconnected_with_cache" time="0.005" /><testcase classname="tests.test_point_data" name="test_handle_point_data_new_points" time="1.078" /><testcase classname="tests.test_point_data" name="test_handle_point_data_update_existing" time="1.188" /><testcase classname="tests.test_point_data" name="test_handle_point_data_mapped_point_code_updates_realtime" time="2.189" /><testcase classname="tests.test_point_data" name="test_handle_point_data_invalid_payload" time="1.008" /><testcase classname="tests.test_point_data" name="test_mqtt_service_data_topic_routing" time="0.008" /><testcase classname="tests.test_alarm_api.TestAcknowledgeAlarm" name="test_acknowledge_active_alarm" time="0.835" /><testcase classname="tests.test_alarm_api.TestAcknowledgeAlarm" name="test_acknowledge_non_active_alarm" time="0.023" /><testcase classname="tests.test_alarm_api.TestAcknowledgeAlarm" name="test_acknowledge_nonexistent_alarm" time="0.025" /><testcase classname="tests.test_alarm_api.TestProcessAlarm" name="test_process_active_alarm" time="0.032" /><testcase classname="tests.test_alarm_api.TestProcessAlarm" name="test_process_resolved_alarm" time="0.030" /><testcase classname="tests.test_alarm_api.TestProcessAlarm" name="test_process_nonexistent_alarm" time="0.026" /><testcase classname="tests.test_alarm_api.TestProcessAlarm" name="test_process_without_remark" time="0.029" /><testcase classname="tests.test_alarm_api.TestResolveAlarm" name="test_resolve_active_alarm" time="0.033" /><testcase classname="tests.test_alarm_api.TestResolveAlarm" name="test_resolve_already_resolved" time="0.026" /><testcase classname="tests.test_alarm_api.TestResolveAlarm" name="test_resolve_nonexistent_alarm" time="0.025" /><testcase classname="tests.test_alarm_api.TestBatchAcknowledge" name="test_batch_acknowledge" time="0.033" /><testcase classname="tests.test_alarm_api.TestBatchAcknowledge" name="test_batch_acknowledge_resolved_alarms" time="0.029" /><testcase classname="tests.test_alarm_api.TestAlarmStatistics" name="test_statistics_default" time="0.037" /><testcase classname="tests.test_alarm_api.TestAlarmStatistics" name="test_statistics_by_device_type" time="0.035" /><testcase classname="tests.test_alarm_api.TestAlarmStatistics" name="test_statistics_by_alarm_level" time="0.032" /><testcase classname="tests.test_alarm_api.TestAlarmStatistics" name="test_statistics_has_device_type_breakdown" time="0.032" /><testcase classname="tests.test_story_24_6" name="test_result_store_save_complete[asyncio]" time="0.772" /><testcase classname="tests.test_story_24_6" name="test_push_confidence_90_alert[asyncio]" time="0.005" /><testcase classname="tests.test_story_24_6" name="test_push_confidence_70_suggestion[asyncio]" time="0.005" /><testcase classname="tests.test_story_24_6" name="test_push_confidence_50_skipped[asyncio]" time="0.003" /><testcase classname="tests.test_story_24_6" name="test_sessions_list_api[asyncio]" time="1.088" /><testcase classname="tests.test_story_24_6" name="test_session_detail_api[asyncio]" time="1.175" /><testcase classname="tests.test_story_24_6" name="test_session_audit_log_requires_admin[asyncio]" time="1.560" /><testcase classname="tests.test_story_24_6" name="test_save_complete_rollback_on_error[asyncio]" time="0.016" /><testcase classname="tests.test_story_24_6" name="test_push_failure_returns_failed[asyncio]" time="4.097" /><testcase classname="tests.test_story_24_6" name="test_same_alarm_dual_sessions[asyncio]" time="1.047" /><testcase classname="tests.test_story_24_6" name="test_websocket_message_format[asyncio]" time="0.003" /><testcase classname="tests.test_story_24_6" name="test_push_retry_enqueue_on_failure[asyncio]" time="0.008" /><testcase classname="tests.test_story_24_6" name="test_push_retry_process_success[asyncio]" time="0.005" /><testcase classname="tests.test_story_24_6" name="test_push_retry_expired_skipped[asyncio]" time="0.008" /><testcase classname="tests.test_story_24_6" name="test_push_retry_max_count_exceeded[asyncio]" time="0.005" /><testcase classname="tests.test_story_24_6" name="test_push_level_boundary_values" time="0.002" /><testcase classname="tests.test_story_24_6" name="test_sanitize_audit_data_removes_sensitive_fields" time="0.001" /><testcase classname="tests.test_story_24_6" name="test_truncate_large_audit_data" time="0.002" /><testcase classname="tests.test_story_24_6" name="test_sanitize_sensitive_suffix_fields" time="0.001" /><testcase classname="tests.test_story_24_6" name="test_sanitize_string_value_patterns" time="0.001" /><testcase classname="tests.test_story_24_7" name="test_breaker_trip_on_consecutive_failures[asyncio]" time="0.003" /><testcase classname="tests.test_story_24_7" name="test_breaker_trip_on_error_rate[asyncio]" time="0.003" /><testcase classname="tests.test_story_24_7" name="test_breaker_low_traffic_mode[asyncio]" time="0.006" /><testcase classname="tests.test_story_24_7" name="test_breaker_auto_recovery[asyncio]" time="0.005" /><testcase classname="tests.test_story_24_7" name="test_breaker_probe_failure[asyncio]" time="0.005" /><testcase classname="tests.test_story_24_7" name="test_degraded_routing[asyncio]" time="0.003" /><testcase classname="tests.test_story_24_7" name="test_health_api[asyncio]" time="1.162" /><testcase classname="tests.test_story_24_7" name="test_fallback_save_to_redis[asyncio]" time="0.006" /><testcase classname="tests.test_story_24_7" name="test_recover_pending[asyncio]" time="0.008" /><testcase classname="tests.test_story_24_7" name="test_state_change_alert[asyncio]" time="0.003" /><testcase classname="tests.test_story_24_7" name="test_l1_bypasses_breaker[asyncio]" time="0.003" /><testcase classname="tests.test_story_24_7" name="test_datetime_round_trip[asyncio]" time="0.003" /><testcase classname="tests.test_story_24_7" name="test_injectable_time_source[asyncio]" time="0.003" /><testcase classname="tests.test_story_24_7" name="test_half_open_concurrent_degraded[asyncio]" time="0.005" /><testcase classname="tests.test_story_24_7" name="test_breaker_stays_closed_below_threshold[asyncio]" time="0.003" /><testcase classname="tests.test_story_24_7" name="test_breaker_reset[asyncio]" time="0.003" /><testcase classname="tests.test_story_24_7" name="test_result_store_fallback_to_redis[asyncio]" time="0.013" /><testcase classname="tests.test_story_24_7" name="test_breaker_websocket_alert_format[asyncio]" time="0.005" /></testsuite></testsuites>