{"numTotalTestSuites":12,"numPassedTestSuites":12,"numFailedTestSuites":0,"numPendingTestSuites":0,"numTotalTests":38,"numPassedTests":38,"numFailedTests":0,"numPendingTests":0,"numTodoTests":0,"snapshot":{"added":0,"failure":false,"filesAdded":0,"filesRemoved":0,"filesRemovedList":[],"filesUnmatched":0,"filesUpdated":0,"matched":0,"total":0,"unchecked":0,"uncheckedKeysByFile":[],"unmatched":0,"updated":0,"didUpdate":false},"startTime":1786383475299,"success":true,"testResults":[{"assertionResults":[{"ancestorTitles":["SiteEventBus"],"fullName":"SiteEventBus on() 注册处理器，emit() 触发","status":"passed","title":"on() 注册处理器，emit() 触发","duration":5.130200000000514,"failureMessages":[],"meta":{}},{"ancestorTitles":["SiteEventBus"],"fullName":"SiteEventBus emit(null) 传递 null 参数","status":"passed","title":"emit(null) 传递 null 参数","duration":0.6738000000004831,"failureMessages":[],"meta":{}},{"ancestorTitles":["SiteEventBus"],"fullName":"SiteEventBus on() 返回的清理函数能移除处理器","status":"passed","title":"on() 返回的清理函数能移除处理器","duration":0.7683999999999287,"failureMessages":[],"meta":{}},{"ancestorTitles":["SiteEventBus"],"fullName":"SiteEventBus 多个处理器都被触发","status":"passed","title":"多个处理器都被触发","duration":0.7255000000004657,"failureMessages":[],"meta":{}},{"ancestorTitles":["SiteEventBus"],"fullName":"SiteEventBus 处理器异常不影响其他处理器","status":"passed","title":"处理器异常不影响其他处理器","duration":1.6186999999999898,"failureMessages":[],"meta":{}},{"ancestorTitles":["SiteEventBus"],"fullName":"SiteEventBus clear() 清除所有处理器","status":"passed","title":"clear() 清除所有处理器","duration":0.3713999999999942,"failureMessages":[],"meta":{}},{"ancestorTitles":["SiteEventBus"],"fullName":"SiteEventBus 同一个处理器不会被注册多次（Set 特性）","status":"passed","title":"同一个处理器不会被注册多次（Set 特性）","duration":0.3937000000005355,"failureMessages":[],"meta":{}},{"ancestorTitles":["shouldInjectSiteId — 排除路径匹配"],"fullName":"shouldInjectSiteId — 排除路径匹配 普通路径注入","status":"passed","title":"普通路径注入","duration":0.6582000000007611,"failureMessages":[],"meta":{}},{"ancestorTitles":["shouldInjectSiteId — 排除路径匹配"],"fullName":"shouldInjectSiteId — 排除路径匹配 排除路径不注入","status":"passed","title":"排除路径不注入","duration":1.515599999999722,"failureMessages":[],"meta":{}},{"ancestorTitles":["shouldInjectSiteId — 排除路径匹配"],"fullName":"shouldInjectSiteId — 排除路径匹配 精确匹配不误伤相似路径","status":"passed","title":"精确匹配不误伤相似路径","duration":0.5765000000001237,"failureMessages":[],"meta":{}},{"ancestorTitles":["请求拦截器 site_id 注入（集成）"],"fullName":"请求拦截器 site_id 注入（集成） GET 请求自动注入 site_id 到 params","status":"passed","title":"GET 请求自动注入 site_id 到 params","duration":6.751999999999498,"failureMessages":[],"meta":{}},{"ancestorTitles":["请求拦截器 site_id 注入（集成）"],"fullName":"请求拦截器 site_id 注入（集成） POST 请求注入 site_id 到 params（不注入到 body）","status":"passed","title":"POST 请求注入 site_id 到 params（不注入到 body）","duration":1.3922999999995227,"failureMessages":[],"meta":{}},{"ancestorTitles":["请求拦截器 site_id 注入（集成）"],"fullName":"请求拦截器 site_id 注入（集成） 排除路径不注入 site_id","status":"passed","title":"排除路径不注入 site_id","duration":1.139299999999821,"failureMessages":[],"meta":{}},{"ancestorTitles":["请求拦截器 site_id 注入（集成）"],"fullName":"请求拦截器 site_id 注入（集成） 手动指定 site_id 不被覆盖","status":"passed","title":"手动指定 site_id 不被覆盖","duration":0.7140999999992346,"failureMessages":[],"meta":{}},{"ancestorTitles":["请求拦截器 site_id 注入（集成）"],"fullName":"请求拦截器 site_id 注入（集成） currentSiteId 为 null 时不注入（localStorage 无 key）","status":"passed","title":"currentSiteId 为 null 时不注入（localStorage 无 key）","duration":0.7490000000007058,"failureMessages":[],"meta":{}},{"ancestorTitles":["请求拦截器 site_id 注入（集成）"],"fullName":"请求拦截器 site_id 注入（集成） currentSiteId 为非数字字符串时不注入","status":"passed","title":"currentSiteId 为非数字字符串时不注入","duration":0.6890000000003056,"failureMessages":[],"meta":{}},{"ancestorTitles":["请求拦截器 site_id 注入（集成）"],"fullName":"请求拦截器 site_id 注入（集成） currentSiteId 为 0 或负数时不注入","status":"passed","title":"currentSiteId 为 0 或负数时不注入","duration":0.9650000000001455,"failureMessages":[],"meta":{}},{"ancestorTitles":["switchSite 触发数据重新加载"],"fullName":"switchSite 触发数据重新加载 siteEvents.emit 被 switchSite 调用","status":"passed","title":"siteEvents.emit 被 switchSite 调用","duration":4.763600000000224,"failureMessages":[],"meta":{}},{"ancestorTitles":["switchSite 触发数据重新加载"],"fullName":"switchSite 触发数据重新加载 switchSite(null) 清除 localStorage 并发射 null","status":"passed","title":"switchSite(null) 清除 localStorage 并发射 null","duration":0.9070000000001528,"failureMessages":[],"meta":{}},{"ancestorTitles":["版本号模式防竞态"],"fullName":"版本号模式防竞态 快速连续调用 fetchActiveAlarms 时旧请求结果被丢弃","status":"passed","title":"快速连续调用 fetchActiveAlarms 时旧请求结果被丢弃","duration":111.38230000000021,"failureMessages":[],"meta":{}},{"ancestorTitles":["useWebSocketManager 订阅记录与 reconnectAll"],"fullName":"useWebSocketManager 订阅记录与 reconnectAll subscribe 记录订阅信息","status":"passed","title":"subscribe 记录订阅信息","duration":41.771999999999935,"failureMessages":[],"meta":{}}],"startTime":1786383482413,"endTime":1786383482598.772,"status":"passed","message":"","name":"D:/mytest1/frontend/src/__tests__/story-27-6-site-filter.test.ts"},{"assertionResults":[{"ancestorTitles":["WebSocket first-frame authentication"],"fullName":"WebSocket first-frame authentication keeps the access token out of the URL and authenticates first","status":"passed","title":"keeps the access token out of the URL and authenticates first","duration":9.835399999999936,"failureMessages":[],"meta":{}},{"ancestorTitles":["WebSocket first-frame authentication"],"fullName":"WebSocket first-frame authentication restores queued subscriptions only after authentication succeeds","status":"passed","title":"restores queued subscriptions only after authentication succeeds","duration":3.566699999999855,"failureMessages":[],"meta":{}},{"ancestorTitles":["WebSocket first-frame authentication"],"fullName":"WebSocket first-frame authentication does not enter the connected state when authentication fails","status":"passed","title":"does not enter the connected state when authentication fails","duration":5.974799999999959,"failureMessages":[],"meta":{}},{"ancestorTitles":["WebSocket first-frame authentication"],"fullName":"WebSocket first-frame authentication reauthenticates with a fresh token and restores subscriptions only after success","status":"passed","title":"reauthenticates with a fresh token and restores subscriptions only after success","duration":6.355799999999817,"failureMessages":[],"meta":{}},{"ancestorTitles":["WebSocket first-frame authentication"],"fullName":"WebSocket first-frame authentication stops after ten reconnect attempts and keeps the degradation flag active","status":"passed","title":"stops after ten reconnect attempts and keeps the degradation flag active","duration":4.612500000000182,"failureMessages":[],"meta":{}},{"ancestorTitles":["WebSocket manager site-scoped subscriptions"],"fullName":"WebSocket manager site-scoped subscriptions narrows a selected site and omits site_ids again for all authorized sites","status":"passed","title":"narrows a selected site and omits site_ids again for all authorized sites","duration":65.09000000000015,"failureMessages":[],"meta":{}}],"startTime":1786383478713,"endTime":1786383478809.09,"status":"passed","message":"","name":"D:/mytest1/frontend/src/__tests__/api/websocket-auth.test.ts"},{"assertionResults":[{"ancestorTitles":["useWebSocket"],"fullName":"useWebSocket 初始状态 — 未连接","status":"passed","title":"初始状态 — 未连接","duration":90.30479999999989,"failureMessages":[],"meta":{}},{"ancestorTitles":["useWebSocket"],"fullName":"useWebSocket connect 调用 WebSocketClient.connect","status":"passed","title":"connect 调用 WebSocketClient.connect","duration":5.563000000000102,"failureMessages":[],"meta":{}},{"ancestorTitles":["useWebSocket"],"fullName":"useWebSocket disconnect 调用 WebSocketClient.close","status":"passed","title":"disconnect 调用 WebSocketClient.close","duration":23.509799999999814,"failureMessages":[],"meta":{}},{"ancestorTitles":["useWebSocket"],"fullName":"useWebSocket send 调用 WebSocketClient.send","status":"passed","title":"send 调用 WebSocketClient.send","duration":10.445999999999913,"failureMessages":[],"meta":{}},{"ancestorTitles":["useWebSocket"],"fullName":"useWebSocket subscribe 调用 WebSocketClient.subscribe","status":"passed","title":"subscribe 调用 WebSocketClient.subscribe","duration":4.482099999999718,"failureMessages":[],"meta":{}},{"ancestorTitles":["useWebSocket"],"fullName":"useWebSocket unsubscribe 调用 WebSocketClient.unsubscribe","status":"passed","title":"unsubscribe 调用 WebSocketClient.unsubscribe","duration":2.8162999999999556,"failureMessages":[],"meta":{}},{"ancestorTitles":["useWebSocket"],"fullName":"useWebSocket on 注册消息处理器","status":"passed","title":"on 注册消息处理器","duration":4.146400000000085,"failureMessages":[],"meta":{}},{"ancestorTitles":["useWebSocket"],"fullName":"useWebSocket off 移除消息处理器","status":"passed","title":"off 移除消息处理器","duration":3.7453999999997905,"failureMessages":[],"meta":{}},{"ancestorTitles":["useWebSocket"],"fullName":"useWebSocket autoConnect=true 时自动连接","status":"passed","title":"autoConnect=true 时自动连接","duration":4.228599999999915,"failureMessages":[],"meta":{}},{"ancestorTitles":["useWebSocket"],"fullName":"useWebSocket 组件卸载时自动断开连接","status":"passed","title":"组件卸载时自动断开连接","duration":8.818900000000212,"failureMessages":[],"meta":{}},{"ancestorTitles":["useWebSocket"],"fullName":"useWebSocket client 属性暴露 WebSocketClient 实例","status":"passed","title":"client 属性暴露 WebSocketClient 实例","duration":2.4767000000001644,"failureMessages":[],"meta":{}}],"startTime":1786383478664,"endTime":1786383478825.4768,"status":"passed","message":"","name":"D:/mytest1/frontend/src/__tests__/composables/useWebSocket.test.ts"}]}