{"numTotalTestSuites":12,"numPassedTestSuites":12,"numFailedTestSuites":0,"numPendingTestSuites":0,"numTotalTests":38,"numPassedTests":38,"numFailedTests":0,"numPendingTests":0,"numTodoTests":0,"snapshot":{"added":0,"failure":false,"filesAdded":0,"filesRemoved":0,"filesRemovedList":[],"filesUnmatched":0,"filesUpdated":0,"matched":0,"total":0,"unchecked":0,"uncheckedKeysByFile":[],"unmatched":0,"updated":0,"didUpdate":false},"startTime":1786439639010,"success":true,"testResults":[{"assertionResults":[{"ancestorTitles":["SiteEventBus"],"fullName":"SiteEventBus on() 注册处理器，emit() 触发","status":"passed","title":"on() 注册处理器，emit() 触发","duration":4.648000000000138,"failureMessages":[],"meta":{}},{"ancestorTitles":["SiteEventBus"],"fullName":"SiteEventBus emit(null) 传递 null 参数","status":"passed","title":"emit(null) 传递 null 参数","duration":0.6465000000002874,"failureMessages":[],"meta":{}},{"ancestorTitles":["SiteEventBus"],"fullName":"SiteEventBus on() 返回的清理函数能移除处理器","status":"passed","title":"on() 返回的清理函数能移除处理器","duration":0.6190999999998894,"failureMessages":[],"meta":{}},{"ancestorTitles":["SiteEventBus"],"fullName":"SiteEventBus 多个处理器都被触发","status":"passed","title":"多个处理器都被触发","duration":0.5785000000000764,"failureMessages":[],"meta":{}},{"ancestorTitles":["SiteEventBus"],"fullName":"SiteEventBus 处理器异常不影响其他处理器","status":"passed","title":"处理器异常不影响其他处理器","duration":1.411200000000008,"failureMessages":[],"meta":{}},{"ancestorTitles":["SiteEventBus"],"fullName":"SiteEventBus clear() 清除所有处理器","status":"passed","title":"clear() 清除所有处理器","duration":0.3429000000000997,"failureMessages":[],"meta":{}},{"ancestorTitles":["SiteEventBus"],"fullName":"SiteEventBus 同一个处理器不会被注册多次（Set 特性）","status":"passed","title":"同一个处理器不会被注册多次（Set 特性）","duration":0.3423000000002503,"failureMessages":[],"meta":{}},{"ancestorTitles":["shouldInjectSiteId — 排除路径匹配"],"fullName":"shouldInjectSiteId — 排除路径匹配 普通路径注入","status":"passed","title":"普通路径注入","duration":0.5806000000002314,"failureMessages":[],"meta":{}},{"ancestorTitles":["shouldInjectSiteId — 排除路径匹配"],"fullName":"shouldInjectSiteId — 排除路径匹配 排除路径不注入","status":"passed","title":"排除路径不注入","duration":0.7331999999996697,"failureMessages":[],"meta":{}},{"ancestorTitles":["shouldInjectSiteId — 排除路径匹配"],"fullName":"shouldInjectSiteId — 排除路径匹配 精确匹配不误伤相似路径","status":"passed","title":"精确匹配不误伤相似路径","duration":0.4454000000000633,"failureMessages":[],"meta":{}},{"ancestorTitles":["请求拦截器 site_id 注入（集成）"],"fullName":"请求拦截器 site_id 注入（集成） GET 请求自动注入 site_id 到 params","status":"passed","title":"GET 请求自动注入 site_id 到 params","duration":7.353399999999965,"failureMessages":[],"meta":{}},{"ancestorTitles":["请求拦截器 site_id 注入（集成）"],"fullName":"请求拦截器 site_id 注入（集成） POST 请求注入 site_id 到 params（不注入到 body）","status":"passed","title":"POST 请求注入 site_id 到 params（不注入到 body）","duration":1.9262999999996282,"failureMessages":[],"meta":{}},{"ancestorTitles":["请求拦截器 site_id 注入（集成）"],"fullName":"请求拦截器 site_id 注入（集成） 排除路径不注入 site_id","status":"passed","title":"排除路径不注入 site_id","duration":1.3859999999999673,"failureMessages":[],"meta":{}},{"ancestorTitles":["请求拦截器 site_id 注入（集成）"],"fullName":"请求拦截器 site_id 注入（集成） 手动指定 site_id 不被覆盖","status":"passed","title":"手动指定 site_id 不被覆盖","duration":0.7971999999999753,"failureMessages":[],"meta":{}},{"ancestorTitles":["请求拦截器 site_id 注入（集成）"],"fullName":"请求拦截器 site_id 注入（集成） currentSiteId 为 null 时不注入（localStorage 无 key）","status":"passed","title":"currentSiteId 为 null 时不注入（localStorage 无 key）","duration":0.7863999999999578,"failureMessages":[],"meta":{}},{"ancestorTitles":["请求拦截器 site_id 注入（集成）"],"fullName":"请求拦截器 site_id 注入（集成） currentSiteId 为非数字字符串时不注入","status":"passed","title":"currentSiteId 为非数字字符串时不注入","duration":0.7233000000001084,"failureMessages":[],"meta":{}},{"ancestorTitles":["请求拦截器 site_id 注入（集成）"],"fullName":"请求拦截器 site_id 注入（集成） currentSiteId 为 0 或负数时不注入","status":"passed","title":"currentSiteId 为 0 或负数时不注入","duration":0.8861000000001695,"failureMessages":[],"meta":{}},{"ancestorTitles":["switchSite 触发数据重新加载"],"fullName":"switchSite 触发数据重新加载 siteEvents.emit 被 switchSite 调用","status":"passed","title":"siteEvents.emit 被 switchSite 调用","duration":5.039600000000064,"failureMessages":[],"meta":{}},{"ancestorTitles":["switchSite 触发数据重新加载"],"fullName":"switchSite 触发数据重新加载 switchSite(null) 清除 localStorage 并发射 null","status":"passed","title":"switchSite(null) 清除 localStorage 并发射 null","duration":0.8389000000001943,"failureMessages":[],"meta":{}},{"ancestorTitles":["版本号模式防竞态"],"fullName":"版本号模式防竞态 快速连续调用 fetchActiveAlarms 时旧请求结果被丢弃","status":"passed","title":"快速连续调用 fetchActiveAlarms 时旧请求结果被丢弃","duration":109.8394000000003,"failureMessages":[],"meta":{}},{"ancestorTitles":["useWebSocketManager 订阅记录与 reconnectAll"],"fullName":"useWebSocketManager 订阅记录与 reconnectAll subscribe 记录订阅信息","status":"passed","title":"subscribe 记录订阅信息","duration":42.19930000000022,"failureMessages":[],"meta":{}}],"startTime":1786439642972,"endTime":1786439643156.1992,"status":"passed","message":"","name":"D:/mytest1/frontend/src/__tests__/story-27-6-site-filter.test.ts"},{"assertionResults":[{"ancestorTitles":["WebSocket first-frame authentication"],"fullName":"WebSocket first-frame authentication keeps the access token out of the URL and authenticates first","status":"passed","title":"keeps the access token out of the URL and authenticates first","duration":8.836900000000014,"failureMessages":[],"meta":{}},{"ancestorTitles":["WebSocket first-frame authentication"],"fullName":"WebSocket first-frame authentication restores queued subscriptions only after authentication succeeds","status":"passed","title":"restores queued subscriptions only after authentication succeeds","duration":4.822000000000116,"failureMessages":[],"meta":{}},{"ancestorTitles":["WebSocket first-frame authentication"],"fullName":"WebSocket first-frame authentication does not enter the connected state when authentication fails","status":"passed","title":"does not enter the connected state when authentication fails","duration":4.106099999999969,"failureMessages":[],"meta":{}},{"ancestorTitles":["WebSocket first-frame authentication"],"fullName":"WebSocket first-frame authentication reauthenticates with a fresh token and restores subscriptions only after success","status":"passed","title":"reauthenticates with a fresh token and restores subscriptions only after success","duration":3.4138000000000375,"failureMessages":[],"meta":{}},{"ancestorTitles":["WebSocket first-frame authentication"],"fullName":"WebSocket first-frame authentication stops after ten reconnect attempts and keeps the degradation flag active","status":"passed","title":"stops after ten reconnect attempts and keeps the degradation flag active","duration":4.203199999999924,"failureMessages":[],"meta":{}},{"ancestorTitles":["WebSocket manager site-scoped subscriptions"],"fullName":"WebSocket manager site-scoped subscriptions narrows a selected site and omits site_ids again for all authorized sites","status":"passed","title":"narrows a selected site and omits site_ids again for all authorized sites","duration":43.46419999999989,"failureMessages":[],"meta":{}}],"startTime":1786439641060,"endTime":1786439641129.464,"status":"passed","message":"","name":"D:/mytest1/frontend/src/__tests__/api/websocket-auth.test.ts"},{"assertionResults":[{"ancestorTitles":["useWebSocket"],"fullName":"useWebSocket 初始状态 — 未连接","status":"passed","title":"初始状态 — 未连接","duration":80.19709999999986,"failureMessages":[],"meta":{}},{"ancestorTitles":["useWebSocket"],"fullName":"useWebSocket connect 调用 WebSocketClient.connect","status":"passed","title":"connect 调用 WebSocketClient.connect","duration":3.536000000000058,"failureMessages":[],"meta":{}},{"ancestorTitles":["useWebSocket"],"fullName":"useWebSocket disconnect 调用 WebSocketClient.close","status":"passed","title":"disconnect 调用 WebSocketClient.close","duration":3.251499999999851,"failureMessages":[],"meta":{}},{"ancestorTitles":["useWebSocket"],"fullName":"useWebSocket send 调用 WebSocketClient.send","status":"passed","title":"send 调用 WebSocketClient.send","duration":5.460800000000063,"failureMessages":[],"meta":{}},{"ancestorTitles":["useWebSocket"],"fullName":"useWebSocket subscribe 调用 WebSocketClient.subscribe","status":"passed","title":"subscribe 调用 WebSocketClient.subscribe","duration":2.9704999999999018,"failureMessages":[],"meta":{}},{"ancestorTitles":["useWebSocket"],"fullName":"useWebSocket unsubscribe 调用 WebSocketClient.unsubscribe","status":"passed","title":"unsubscribe 调用 WebSocketClient.unsubscribe","duration":2.1829999999999927,"failureMessages":[],"meta":{}},{"ancestorTitles":["useWebSocket"],"fullName":"useWebSocket on 注册消息处理器","status":"passed","title":"on 注册消息处理器","duration":3.9074999999998,"failureMessages":[],"meta":{}},{"ancestorTitles":["useWebSocket"],"fullName":"useWebSocket off 移除消息处理器","status":"passed","title":"off 移除消息处理器","duration":1.9107000000001335,"failureMessages":[],"meta":{}},{"ancestorTitles":["useWebSocket"],"fullName":"useWebSocket autoConnect=true 时自动连接","status":"passed","title":"autoConnect=true 时自动连接","duration":2.3660999999999603,"failureMessages":[],"meta":{}},{"ancestorTitles":["useWebSocket"],"fullName":"useWebSocket 组件卸载时自动断开连接","status":"passed","title":"组件卸载时自动断开连接","duration":5.7690000000000055,"failureMessages":[],"meta":{}},{"ancestorTitles":["useWebSocket"],"fullName":"useWebSocket client 属性暴露 WebSocketClient 实例","status":"passed","title":"client 属性暴露 WebSocketClient 实例","duration":1.9924999999998363,"failureMessages":[],"meta":{}}],"startTime":1786439640978,"endTime":1786439641091.9924,"status":"passed","message":"","name":"D:/mytest1/frontend/src/__tests__/composables/useWebSocket.test.ts"}]}